{"C:\\Users\\marti\\OneDrive\\Bureaublad\\CURSOR\\MEDICFLOWDOCUMENTS\\MEDDOC-TEST-WINDSURF\\meddoc-ai-flow\\src\\components\\clients\\KeyboardNavigation.tsx": {"path":"C:\\Users\\marti\\OneDrive\\Bureaublad\\CURSOR\\MEDICFLOWDOCUMENTS\\MEDDOC-TEST-WINDSURF\\meddoc-ai-flow\\src\\components\\clients\\KeyboardNavigation.tsx","statementMap":{"0":{"start":{"line":7,"column":0},"end":{"line":7,"column":16}},"1":{"start":{"line":1,"column":0},"end":{"line":1,"column":34}},"2":{"start":{"line":8,"column":2},"end":{"line":17,"column":9}},"3":{"start":{"line":9,"column":20},"end":{"line":14,"column":5}},"4":{"start":{"line":10,"column":6},"end":{"line":13,"column":7}},"5":{"start":{"line":11,"column":21},"end":{"line":11,"column":60}},"6":{"start":{"line":12,"column":8},"end":{"line":12,"column":31}},"7":{"start":{"line":12,"column":18},"end":{"line":12,"column":31}},"8":{"start":{"line":15,"column":4},"end":{"line":15,"column":48}},"9":{"start":{"line":16,"column":4},"end":{"line":16,"column":64}},"10":{"start":{"line":16,"column":17},"end":{"line":16,"column":63}}},"fnMap":{"0":{"name":"useSkipToContent","decl":{"start":{"line":7,"column":16},"end":{"line":7,"column":32}},"loc":{"start":{"line":7,"column":32},"end":{"line":18,"column":1}}},"1":{"name":"(anonymous_1)","decl":{"start":{"line":8,"column":12},"end":{"line":8,"column":15}},"loc":{"start":{"line":8,"column":17},"end":{"line":17,"column":3}}},"2":{"name":"(anonymous_2)","decl":{"start":{"line":9,"column":20},"end":{"line":9,"column":21}},"loc":{"start":{"line":9,"column":41},"end":{"line":14,"column":5}}},"3":{"name":"(anonymous_3)","decl":{"start":{"line":16,"column":11},"end":{"line":16,"column":14}},"loc":{"start":{"line":16,"column":17},"end":{"line":16,"column":63}}}},"branchMap":{"0":{"loc":{"start":{"line":10,"column":6},"end":{"line":13,"column":7}},"type":"if","locations":[{"start":{"line":10,"column":6},"end":{"line":13,"column":7}},{"start":{},"end":{}}]},"1":{"loc":{"start":{"line":10,"column":10},"end":{"line":10,"column":97}},"type":"binary-expr","locations":[{"start":{"line":10,"column":10},"end":{"line":10,"column":25}},{"start":{"line":10,"column":29},"end":{"line":10,"column":60}},{"start":{"line":10,"column":64},"end":{"line":10,"column":97}}]},"2":{"loc":{"start":{"line":12,"column":8},"end":{"line":12,"column":31}},"type":"if","locations":[{"start":{"line":12,"column":8},"end":{"line":12,"column":31}},{"start":{},"end":{}}]}},"s":{"0":0,"1":0,"2":0,"3":0,"4":0,"5":0,"6":0,"7":0,"8":0,"9":0,"10":0},"f":{"0":0,"1":0,"2":0,"3":0},"b":{"0":[0,0],"1":[0,0,0],"2":[0,0]}}
,"C:\\Users\\marti\\OneDrive\\Bureaublad\\CURSOR\\MEDICFLOWDOCUMENTS\\MEDDOC-TEST-WINDSURF\\meddoc-ai-flow\\src\\components\\clients\\ScreenReaderSupport.tsx": {"path":"C:\\Users\\marti\\OneDrive\\Bureaublad\\CURSOR\\MEDICFLOWDOCUMENTS\\MEDDOC-TEST-WINDSURF\\meddoc-ai-flow\\src\\components\\clients\\ScreenReaderSupport.tsx","statementMap":{"0":{"start":{"line":6,"column":0},"end":{"line":6,"column":16}},"1":{"start":{"line":1,"column":0},"end":{"line":1,"column":34}},"2":{"start":{"line":7,"column":2},"end":{"line":16,"column":16}},"3":{"start":{"line":8,"column":4},"end":{"line":8,"column":25}},"4":{"start":{"line":8,"column":18},"end":{"line":8,"column":25}},"5":{"start":{"line":9,"column":19},"end":{"line":9,"column":62}},"6":{"start":{"line":10,"column":4},"end":{"line":15,"column":5}},"7":{"start":{"line":11,"column":6},"end":{"line":11,"column":30}},"8":{"start":{"line":12,"column":6},"end":{"line":14,"column":14}},"9":{"start":{"line":13,"column":8},"end":{"line":13,"column":37}}},"fnMap":{"0":{"name":"useAriaAnnounce","decl":{"start":{"line":6,"column":16},"end":{"line":6,"column":31}},"loc":{"start":{"line":6,"column":47},"end":{"line":17,"column":1}}},"1":{"name":"(anonymous_1)","decl":{"start":{"line":7,"column":12},"end":{"line":7,"column":15}},"loc":{"start":{"line":7,"column":17},"end":{"line":16,"column":3}}},"2":{"name":"(anonymous_2)","decl":{"start":{"line":12,"column":17},"end":{"line":12,"column":20}},"loc":{"start":{"line":12,"column":22},"end":{"line":14,"column":7}}}},"branchMap":{"0":{"loc":{"start":{"line":8,"column":4},"end":{"line":8,"column":25}},"type":"if","locations":[{"start":{"line":8,"column":4},"end":{"line":8,"column":25}},{"start":{},"end":{}}]},"1":{"loc":{"start":{"line":10,"column":4},"end":{"line":15,"column":5}},"type":"if","locations":[{"start":{"line":10,"column":4},"end":{"line":15,"column":5}},{"start":{},"end":{}}]}},"s":{"0":0,"1":0,"2":0,"3":0,"4":0,"5":0,"6":0,"7":0,"8":0,"9":0},"f":{"0":0,"1":0,"2":0},"b":{"0":[0,0],"1":[0,0]}}
,"C:\\Users\\marti\\OneDrive\\Bureaublad\\CURSOR\\MEDICFLOWDOCUMENTS\\MEDDOC-TEST-WINDSURF\\meddoc-ai-flow\\src\\components\\ui\\accordion.tsx": {"path":"C:\\Users\\marti\\OneDrive\\Bureaublad\\CURSOR\\MEDICFLOWDOCUMENTS\\MEDDOC-TEST-WINDSURF\\meddoc-ai-flow\\src\\components\\ui\\accordion.tsx","statementMap":{"0":{"start":{"line":1,"column":0},"end":{"line":1,"column":30}},"1":{"start":{"line":2,"column":0},"end":{"line":2,"column":63}},"2":{"start":{"line":3,"column":0},"end":{"line":3,"column":42}},"3":{"start":{"line":5,"column":0},"end":{"line":5,"column":32}},"4":{"start":{"line":7,"column":18},"end":{"line":7,"column":41}},"5":{"start":{"line":56,"column":9},"end":{"line":56,"column":18}},"6":{"start":{"line":9,"column":22},"end":{"line":18,"column":2}},"7":{"start":{"line":12,"column":14},"end":{"line":12,"column":19}},"8":{"start":{"line":12,"column":24},"end":{"line":12,"column":28}},"9":{"start":{"line":12,"column":36},"end":{"line":18,"column":2}},"10":{"start":{"line":56,"column":20},"end":{"line":56,"column":33}},"11":{"start":{"line":19,"column":0},"end":{"line":19,"column":null}},"12":{"start":{"line":21,"column":25},"end":{"line":38,"column":2}},"13":{"start":{"line":24,"column":24},"end":{"line":24,"column":29}},"14":{"start":{"line":24,"column":34},"end":{"line":24,"column":38}},"15":{"start":{"line":24,"column":46},"end":{"line":38,"column":2}},"16":{"start":{"line":56,"column":35},"end":{"line":56,"column":51}},"17":{"start":{"line":39,"column":0},"end":{"line":39,"column":null}},"18":{"start":{"line":41,"column":25},"end":{"line":52,"column":2}},"19":{"start":{"line":44,"column":24},"end":{"line":44,"column":29}},"20":{"start":{"line":44,"column":34},"end":{"line":44,"column":38}},"21":{"start":{"line":44,"column":46},"end":{"line":52,"column":2}},"22":{"start":{"line":56,"column":53},"end":{"line":56,"column":69}},"23":{"start":{"line":54,"column":0},"end":{"line":54,"column":null}}},"fnMap":{"0":{"name":"(anonymous_1)","decl":{"start":{"line":12,"column":2},"end":{"line":12,"column":3}},"loc":{"start":{"line":12,"column":35},"end":{"line":18,"column":2}}},"1":{"name":"(anonymous_2)","decl":{"start":{"line":24,"column":2},"end":{"line":24,"column":3}},"loc":{"start":{"line":24,"column":45},"end":{"line":38,"column":2}}},"2":{"name":"(anonymous_3)","decl":{"start":{"line":44,"column":2},"end":{"line":44,"column":3}},"loc":{"start":{"line":44,"column":45},"end":{"line":52,"column":2}}}},"branchMap":{},"s":{"0":0,"1":0,"2":0,"3":0,"4":0,"5":0,"6":0,"7":0,"8":0,"9":0,"10":0,"11":0,"12":0,"13":0,"14":0,"15":0,"16":0,"17":0,"18":0,"19":0,"20":0,"21":0,"22":0,"23":0},"f":{"0":0,"1":0,"2":0},"b":{}}
,"C:\\Users\\marti\\OneDrive\\Bureaublad\\CURSOR\\MEDICFLOWDOCUMENTS\\MEDDOC-TEST-WINDSURF\\meddoc-ai-flow\\src\\components\\ui\\alert-dialog.tsx": {"path":"C:\\Users\\marti\\OneDrive\\Bureaublad\\CURSOR\\MEDICFLOWDOCUMENTS\\MEDDOC-TEST-WINDSURF\\meddoc-ai-flow\\src\\components\\ui\\alert-dialog.tsx","statementMap":{"0":{"start":{"line":1,"column":0},"end":{"line":1,"column":30}},"1":{"start":{"line":2,"column":0},"end":{"line":2,"column":68}},"2":{"start":{"line":4,"column":0},"end":{"line":4,"column":32}},"3":{"start":{"line":5,"column":0},"end":{"line":5,"column":55}},"4":{"start":{"line":7,"column":20},"end":{"line":7,"column":45}},"5":{"start":{"line":128,"column":2},"end":{"line":128,"column":13}},"6":{"start":{"line":9,"column":27},"end":{"line":9,"column":55}},"7":{"start":{"line":131,"column":2},"end":{"line":131,"column":20}},"8":{"start":{"line":11,"column":26},"end":{"line":11,"column":53}},"9":{"start":{"line":129,"column":2},"end":{"line":129,"column":19}},"10":{"start":{"line":13,"column":27},"end":{"line":25,"column":2}},"11":{"start":{"line":16,"column":14},"end":{"line":16,"column":19}},"12":{"start":{"line":16,"column":24},"end":{"line":16,"column":28}},"13":{"start":{"line":16,"column":36},"end":{"line":25,"column":2}},"14":{"start":{"line":130,"column":2},"end":{"line":130,"column":20}},"15":{"start":{"line":26,"column":0},"end":{"line":26,"column":null}},"16":{"start":{"line":28,"column":27},"end":{"line":43,"column":2}},"17":{"start":{"line":31,"column":14},"end":{"line":31,"column":19}},"18":{"start":{"line":31,"column":24},"end":{"line":31,"column":28}},"19":{"start":{"line":31,"column":36},"end":{"line":43,"column":2}},"20":{"start":{"line":132,"column":2},"end":{"line":132,"column":20}},"21":{"start":{"line":44,"column":0},"end":{"line":44,"column":null}},"22":{"start":{"line":46,"column":26},"end":{"line":57,"column":null}},"23":{"start":{"line":47,"column":11},"end":{"line":47,"column":null}},"24":{"start":{"line":48,"column":10},"end":{"line":49,"column":39}},"25":{"start":{"line":49,"column":44},"end":{"line":57,"column":null}},"26":{"start":{"line":133,"column":2},"end":{"line":133,"column":19}},"27":{"start":{"line":58,"column":0},"end":{"line":58,"column":null}},"28":{"start":{"line":60,"column":26},"end":{"line":71,"column":null}},"29":{"start":{"line":61,"column":11},"end":{"line":61,"column":null}},"30":{"start":{"line":62,"column":10},"end":{"line":63,"column":39}},"31":{"start":{"line":63,"column":44},"end":{"line":71,"column":null}},"32":{"start":{"line":134,"column":2},"end":{"line":134,"column":19}},"33":{"start":{"line":72,"column":0},"end":{"line":72,"column":null}},"34":{"start":{"line":74,"column":25},"end":{"line":83,"column":2}},"35":{"start":{"line":77,"column":14},"end":{"line":77,"column":19}},"36":{"start":{"line":77,"column":24},"end":{"line":77,"column":28}},"37":{"start":{"line":77,"column":36},"end":{"line":83,"column":2}},"38":{"start":{"line":135,"column":2},"end":{"line":135,"column":18}},"39":{"start":{"line":84,"column":0},"end":{"line":84,"column":null}},"40":{"start":{"line":86,"column":31},"end":{"line":95,"column":2}},"41":{"start":{"line":89,"column":14},"end":{"line":89,"column":19}},"42":{"start":{"line":89,"column":24},"end":{"line":89,"column":28}},"43":{"start":{"line":89,"column":36},"end":{"line":95,"column":2}},"44":{"start":{"line":136,"column":2},"end":{"line":136,"column":24}},"45":{"start":{"line":96,"column":0},"end":{"line":97,"column":null}},"46":{"start":{"line":99,"column":26},"end":{"line":108,"column":2}},"47":{"start":{"line":102,"column":14},"end":{"line":102,"column":19}},"48":{"start":{"line":102,"column":24},"end":{"line":102,"column":28}},"49":{"start":{"line":102,"column":36},"end":{"line":108,"column":2}},"50":{"start":{"line":137,"column":2},"end":{"line":137,"column":19}},"51":{"start":{"line":109,"column":0},"end":{"line":109,"column":null}},"52":{"start":{"line":111,"column":26},"end":{"line":124,"column":2}},"53":{"start":{"line":114,"column":14},"end":{"line":114,"column":19}},"54":{"start":{"line":114,"column":24},"end":{"line":114,"column":28}},"55":{"start":{"line":114,"column":36},"end":{"line":124,"column":2}},"56":{"start":{"line":138,"column":2},"end":{"line":138,"column":19}},"57":{"start":{"line":125,"column":0},"end":{"line":125,"column":null}}},"fnMap":{"0":{"name":"(anonymous_1)","decl":{"start":{"line":16,"column":2},"end":{"line":16,"column":3}},"loc":{"start":{"line":16,"column":35},"end":{"line":25,"column":2}}},"1":{"name":"(anonymous_2)","decl":{"start":{"line":31,"column":2},"end":{"line":31,"column":3}},"loc":{"start":{"line":31,"column":35},"end":{"line":43,"column":2}}},"2":{"name":"(anonymous_3)","decl":{"start":{"line":46,"column":26},"end":{"line":46,"column":27}},"loc":{"start":{"line":49,"column":43},"end":{"line":57,"column":null}}},"3":{"name":"(anonymous_4)","decl":{"start":{"line":60,"column":26},"end":{"line":60,"column":27}},"loc":{"start":{"line":63,"column":43},"end":{"line":71,"column":null}}},"4":{"name":"(anonymous_5)","decl":{"start":{"line":77,"column":2},"end":{"line":77,"column":3}},"loc":{"start":{"line":77,"column":35},"end":{"line":83,"column":2}}},"5":{"name":"(anonymous_6)","decl":{"start":{"line":89,"column":2},"end":{"line":89,"column":3}},"loc":{"start":{"line":89,"column":35},"end":{"line":95,"column":2}}},"6":{"name":"(anonymous_7)","decl":{"start":{"line":102,"column":2},"end":{"line":102,"column":3}},"loc":{"start":{"line":102,"column":35},"end":{"line":108,"column":2}}},"7":{"name":"(anonymous_8)","decl":{"start":{"line":114,"column":2},"end":{"line":114,"column":3}},"loc":{"start":{"line":114,"column":35},"end":{"line":124,"column":2}}}},"branchMap":{},"s":{"0":0,"1":0,"2":0,"3":0,"4":0,"5":0,"6":0,"7":0,"8":0,"9":0,"10":0,"11":0,"12":0,"13":0,"14":0,"15":0,"16":0,"17":0,"18":0,"19":0,"20":0,"21":0,"22":0,"23":0,"24":0,"25":0,"26":0,"27":0,"28":0,"29":0,"30":0,"31":0,"32":0,"33":0,"34":0,"35":0,"36":0,"37":0,"38":0,"39":0,"40":0,"41":0,"42":0,"43":0,"44":0,"45":0,"46":0,"47":0,"48":0,"49":0,"50":0,"51":0,"52":0,"53":0,"54":0,"55":0,"56":0,"57":0},"f":{"0":0,"1":0,"2":0,"3":0,"4":0,"5":0,"6":0,"7":0},"b":{}}
,"C:\\Users\\marti\\OneDrive\\Bureaublad\\CURSOR\\MEDICFLOWDOCUMENTS\\MEDDOC-TEST-WINDSURF\\meddoc-ai-flow\\src\\components\\ui\\alert.tsx": {"path":"C:\\Users\\marti\\OneDrive\\Bureaublad\\CURSOR\\MEDICFLOWDOCUMENTS\\MEDDOC-TEST-WINDSURF\\meddoc-ai-flow\\src\\components\\ui\\alert.tsx","statementMap":{"0":{"start":{"line":1,"column":0},"end":{"line":1,"column":30}},"1":{"start":{"line":2,"column":0},"end":{"line":2,"column":65}},"2":{"start":{"line":4,"column":0},"end":{"line":4,"column":32}},"3":{"start":{"line":6,"column":22},"end":{"line":19,"column":null}},"4":{"start":{"line":22,"column":14},"end":{"line":32,"column":2}},"5":{"start":{"line":25,"column":23},"end":{"line":25,"column":28}},"6":{"start":{"line":25,"column":33},"end":{"line":25,"column":37}},"7":{"start":{"line":25,"column":45},"end":{"line":32,"column":2}},"8":{"start":{"line":59,"column":9},"end":{"line":59,"column":14}},"9":{"start":{"line":33,"column":0},"end":{"line":33,"column":null}},"10":{"start":{"line":35,"column":19},"end":{"line":44,"column":2}},"11":{"start":{"line":38,"column":14},"end":{"line":38,"column":19}},"12":{"start":{"line":38,"column":24},"end":{"line":38,"column":28}},"13":{"start":{"line":38,"column":36},"end":{"line":44,"column":2}},"14":{"start":{"line":59,"column":16},"end":{"line":59,"column":26}},"15":{"start":{"line":45,"column":0},"end":{"line":45,"column":null}},"16":{"start":{"line":47,"column":25},"end":{"line":56,"column":2}},"17":{"start":{"line":50,"column":14},"end":{"line":50,"column":19}},"18":{"start":{"line":50,"column":24},"end":{"line":50,"column":28}},"19":{"start":{"line":50,"column":36},"end":{"line":56,"column":2}},"20":{"start":{"line":59,"column":28},"end":{"line":59,"column":44}},"21":{"start":{"line":57,"column":0},"end":{"line":57,"column":null}}},"fnMap":{"0":{"name":"(anonymous_1)","decl":{"start":{"line":25,"column":2},"end":{"line":25,"column":3}},"loc":{"start":{"line":25,"column":44},"end":{"line":32,"column":2}}},"1":{"name":"(anonymous_2)","decl":{"start":{"line":38,"column":2},"end":{"line":38,"column":3}},"loc":{"start":{"line":38,"column":35},"end":{"line":44,"column":2}}},"2":{"name":"(anonymous_3)","decl":{"start":{"line":50,"column":2},"end":{"line":50,"column":3}},"loc":{"start":{"line":50,"column":35},"end":{"line":56,"column":2}}}},"branchMap":{},"s":{"0":0,"1":0,"2":0,"3":0,"4":0,"5":0,"6":0,"7":0,"8":0,"9":0,"10":0,"11":0,"12":0,"13":0,"14":0,"15":0,"16":0,"17":0,"18":0,"19":0,"20":0,"21":0},"f":{"0":0,"1":0,"2":0},"b":{}}
,"C:\\Users\\marti\\OneDrive\\Bureaublad\\CURSOR\\MEDICFLOWDOCUMENTS\\MEDDOC-TEST-WINDSURF\\meddoc-ai-flow\\src\\components\\ui\\aspect-ratio.tsx": {"path":"C:\\Users\\marti\\OneDrive\\Bureaublad\\CURSOR\\MEDICFLOWDOCUMENTS\\MEDDOC-TEST-WINDSURF\\meddoc-ai-flow\\src\\components\\ui\\aspect-ratio.tsx","statementMap":{"0":{"start":{"line":1,"column":0},"end":{"line":1,"column":68}},"1":{"start":{"line":3,"column":20},"end":{"line":3,"column":45}},"2":{"start":{"line":5,"column":9},"end":{"line":5,"column":20}}},"fnMap":{},"branchMap":{},"s":{"0":0,"1":0,"2":0},"f":{},"b":{}}
,"C:\\Users\\marti\\OneDrive\\Bureaublad\\CURSOR\\MEDICFLOWDOCUMENTS\\MEDDOC-TEST-WINDSURF\\meddoc-ai-flow\\src\\components\\ui\\avatar.tsx": {"path":"C:\\Users\\marti\\OneDrive\\Bureaublad\\CURSOR\\MEDICFLOWDOCUMENTS\\MEDDOC-TEST-WINDSURF\\meddoc-ai-flow\\src\\components\\ui\\avatar.tsx","statementMap":{"0":{"start":{"line":1,"column":0},"end":{"line":1,"column":30}},"1":{"start":{"line":2,"column":0},"end":{"line":2,"column":57}},"2":{"start":{"line":4,"column":0},"end":{"line":4,"column":32}},"3":{"start":{"line":6,"column":15},"end":{"line":18,"column":2}},"4":{"start":{"line":9,"column":14},"end":{"line":9,"column":19}},"5":{"start":{"line":9,"column":24},"end":{"line":9,"column":28}},"6":{"start":{"line":9,"column":36},"end":{"line":18,"column":2}},"7":{"start":{"line":48,"column":9},"end":{"line":48,"column":15}},"8":{"start":{"line":19,"column":0},"end":{"line":19,"column":null}},"9":{"start":{"line":21,"column":20},"end":{"line":30,"column":2}},"10":{"start":{"line":24,"column":14},"end":{"line":24,"column":19}},"11":{"start":{"line":24,"column":24},"end":{"line":24,"column":28}},"12":{"start":{"line":24,"column":36},"end":{"line":30,"column":2}},"13":{"start":{"line":48,"column":17},"end":{"line":48,"column":28}},"14":{"start":{"line":31,"column":0},"end":{"line":31,"column":null}},"15":{"start":{"line":33,"column":23},"end":{"line":45,"column":2}},"16":{"start":{"line":36,"column":14},"end":{"line":36,"column":19}},"17":{"start":{"line":36,"column":24},"end":{"line":36,"column":28}},"18":{"start":{"line":36,"column":36},"end":{"line":45,"column":2}},"19":{"start":{"line":48,"column":30},"end":{"line":48,"column":44}},"20":{"start":{"line":46,"column":0},"end":{"line":46,"column":null}}},"fnMap":{"0":{"name":"(anonymous_1)","decl":{"start":{"line":9,"column":2},"end":{"line":9,"column":3}},"loc":{"start":{"line":9,"column":35},"end":{"line":18,"column":2}}},"1":{"name":"(anonymous_2)","decl":{"start":{"line":24,"column":2},"end":{"line":24,"column":3}},"loc":{"start":{"line":24,"column":35},"end":{"line":30,"column":2}}},"2":{"name":"(anonymous_3)","decl":{"start":{"line":36,"column":2},"end":{"line":36,"column":3}},"loc":{"start":{"line":36,"column":35},"end":{"line":45,"column":2}}}},"branchMap":{},"s":{"0":0,"1":0,"2":0,"3":0,"4":0,"5":0,"6":0,"7":0,"8":0,"9":0,"10":0,"11":0,"12":0,"13":0,"14":0,"15":0,"16":0,"17":0,"18":0,"19":0,"20":0},"f":{"0":0,"1":0,"2":0},"b":{}}
,"C:\\Users\\marti\\OneDrive\\Bureaublad\\CURSOR\\MEDICFLOWDOCUMENTS\\MEDDOC-TEST-WINDSURF\\meddoc-ai-flow\\src\\components\\ui\\badge.tsx": {"path":"C:\\Users\\marti\\OneDrive\\Bureaublad\\CURSOR\\MEDICFLOWDOCUMENTS\\MEDDOC-TEST-WINDSURF\\meddoc-ai-flow\\src\\components\\ui\\badge.tsx","statementMap":{"0":{"start":{"line":36,"column":9},"end":{"line":36,"column":14}},"1":{"start":{"line":2,"column":0},"end":{"line":2,"column":65}},"2":{"start":{"line":4,"column":0},"end":{"line":4,"column":32}},"3":{"start":{"line":6,"column":22},"end":{"line":23,"column":null}},"4":{"start":{"line":36,"column":16},"end":{"line":36,"column":29}},"5":{"start":{"line":30,"column":35},"end":{"line":30,"column":40}},"6":{"start":{"line":30,"column":45},"end":{"line":30,"column":59}},"7":{"start":{"line":31,"column":2},"end":{"line":33,"column":null}}},"fnMap":{"0":{"name":"Badge","decl":{"start":{"line":30,"column":9},"end":{"line":30,"column":14}},"loc":{"start":{"line":30,"column":59},"end":{"line":34,"column":1}}}},"branchMap":{},"s":{"0":0,"1":0,"2":0,"3":0,"4":0,"5":0,"6":0,"7":0},"f":{"0":0},"b":{}}
,"C:\\Users\\marti\\OneDrive\\Bureaublad\\CURSOR\\MEDICFLOWDOCUMENTS\\MEDDOC-TEST-WINDSURF\\meddoc-ai-flow\\src\\components\\ui\\breadcrumb.tsx": {"path":"C:\\Users\\marti\\OneDrive\\Bureaublad\\CURSOR\\MEDICFLOWDOCUMENTS\\MEDDOC-TEST-WINDSURF\\meddoc-ai-flow\\src\\components\\ui\\breadcrumb.tsx","statementMap":{"0":{"start":{"line":1,"column":0},"end":{"line":1,"column":30}},"1":{"start":{"line":2,"column":0},"end":{"line":2,"column":43}},"2":{"start":{"line":3,"column":0},"end":{"line":3,"column":59}},"3":{"start":{"line":5,"column":0},"end":{"line":5,"column":32}},"4":{"start":{"line":7,"column":19},"end":{"line":12,"column":78}},"5":{"start":{"line":12,"column":13},"end":{"line":12,"column":17}},"6":{"start":{"line":12,"column":25},"end":{"line":12,"column":78}},"7":{"start":{"line":108,"column":2},"end":{"line":108,"column":12}},"8":{"start":{"line":13,"column":0},"end":{"line":13,"column":null}},"9":{"start":{"line":15,"column":23},"end":{"line":27,"column":2}},"10":{"start":{"line":18,"column":14},"end":{"line":18,"column":19}},"11":{"start":{"line":18,"column":24},"end":{"line":18,"column":28}},"12":{"start":{"line":18,"column":36},"end":{"line":27,"column":2}},"13":{"start":{"line":109,"column":2},"end":{"line":109,"column":16}},"14":{"start":{"line":28,"column":0},"end":{"line":28,"column":null}},"15":{"start":{"line":30,"column":23},"end":{"line":39,"column":2}},"16":{"start":{"line":33,"column":14},"end":{"line":33,"column":19}},"17":{"start":{"line":33,"column":24},"end":{"line":33,"column":28}},"18":{"start":{"line":33,"column":36},"end":{"line":39,"column":2}},"19":{"start":{"line":110,"column":2},"end":{"line":110,"column":16}},"20":{"start":{"line":40,"column":0},"end":{"line":40,"column":null}},"21":{"start":{"line":42,"column":23},"end":{"line":57,"column":2}},"22":{"start":{"line":47,"column":23},"end":{"line":47,"column":28}},"23":{"start":{"line":47,"column":33},"end":{"line":47,"column":37}},"24":{"start":{"line":48,"column":15},"end":{"line":48,"column":35}},"25":{"start":{"line":50,"column":2},"end":{"line":56,"column":null}},"26":{"start":{"line":111,"column":2},"end":{"line":111,"column":16}},"27":{"start":{"line":58,"column":0},"end":{"line":58,"column":null}},"28":{"start":{"line":60,"column":23},"end":{"line":72,"column":2}},"29":{"start":{"line":63,"column":14},"end":{"line":63,"column":19}},"30":{"start":{"line":63,"column":24},"end":{"line":63,"column":28}},"31":{"start":{"line":63,"column":36},"end":{"line":72,"column":2}},"32":{"start":{"line":112,"column":2},"end":{"line":112,"column":16}},"33":{"start":{"line":73,"column":0},"end":{"line":73,"column":null}},"34":{"start":{"line":75,"column":28},"end":{"line":88,"column":null}},"35":{"start":{"line":77,"column":11},"end":{"line":77,"column":null}},"36":{"start":{"line":78,"column":10},"end":{"line":79,"column":29}},"37":{"start":{"line":79,"column":34},"end":{"line":88,"column":null}},"38":{"start":{"line":113,"column":2},"end":{"line":113,"column":21}},"39":{"start":{"line":89,"column":0},"end":{"line":89,"column":null}},"40":{"start":{"line":91,"column":27},"end":{"line":104,"column":null}},"41":{"start":{"line":92,"column":11},"end":{"line":92,"column":null}},"42":{"start":{"line":93,"column":10},"end":{"line":94,"column":31}},"43":{"start":{"line":94,"column":36},"end":{"line":104,"column":null}},"44":{"start":{"line":114,"column":2},"end":{"line":114,"column":20}},"45":{"start":{"line":105,"column":0},"end":{"line":105,"column":null}}},"fnMap":{"0":{"name":"(anonymous_1)","decl":{"start":{"line":12,"column":2},"end":{"line":12,"column":3}},"loc":{"start":{"line":12,"column":24},"end":{"line":12,"column":78}}},"1":{"name":"(anonymous_2)","decl":{"start":{"line":18,"column":2},"end":{"line":18,"column":3}},"loc":{"start":{"line":18,"column":35},"end":{"line":27,"column":2}}},"2":{"name":"(anonymous_3)","decl":{"start":{"line":33,"column":2},"end":{"line":33,"column":3}},"loc":{"start":{"line":33,"column":35},"end":{"line":39,"column":2}}},"3":{"name":"(anonymous_4)","decl":{"start":{"line":47,"column":2},"end":{"line":47,"column":3}},"loc":{"start":{"line":47,"column":44},"end":{"line":57,"column":1}}},"4":{"name":"(anonymous_5)","decl":{"start":{"line":63,"column":2},"end":{"line":63,"column":3}},"loc":{"start":{"line":63,"column":35},"end":{"line":72,"column":2}}},"5":{"name":"(anonymous_6)","decl":{"start":{"line":75,"column":28},"end":{"line":75,"column":29}},"loc":{"start":{"line":79,"column":33},"end":{"line":88,"column":null}}},"6":{"name":"(anonymous_7)","decl":{"start":{"line":91,"column":27},"end":{"line":91,"column":28}},"loc":{"start":{"line":94,"column":35},"end":{"line":104,"column":null}}}},"branchMap":{"0":{"loc":{"start":{"line":48,"column":15},"end":{"line":48,"column":35}},"type":"cond-expr","locations":[{"start":{"line":48,"column":25},"end":{"line":48,"column":29}},{"start":{"line":48,"column":32},"end":{"line":48,"column":35}}]},"1":{"loc":{"start":{"line":86,"column":5},"end":{"line":86,"column":33}},"type":"cond-expr","locations":[{"start":{"line":86,"column":5},"end":{"line":86,"column":13}},{"start":{"line":86,"column":17},"end":{"line":86,"column":33}}]},"2":{"loc":{"start":{"line":86,"column":5},"end":{"line":86,"column":17}},"type":"binary-expr","locations":[{"start":{"line":86,"column":5},"end":{"line":86,"column":17}},{"start":{"line":86,"column":5},"end":{"line":86,"column":17}}]}},"s":{"0":0,"1":0,"2":0,"3":0,"4":0,"5":0,"6":0,"7":0,"8":0,"9":0,"10":0,"11":0,"12":0,"13":0,"14":0,"15":0,"16":0,"17":0,"18":0,"19":0,"20":0,"21":0,"22":0,"23":0,"24":0,"25":0,"26":0,"27":0,"28":0,"29":0,"30":0,"31":0,"32":0,"33":0,"34":0,"35":0,"36":0,"37":0,"38":0,"39":0,"40":0,"41":0,"42":0,"43":0,"44":0,"45":0},"f":{"0":0,"1":0,"2":0,"3":0,"4":0,"5":0,"6":0},"b":{"0":[0,0],"1":[0,0],"2":[0,0]}}
,"C:\\Users\\marti\\OneDrive\\Bureaublad\\CURSOR\\MEDICFLOWDOCUMENTS\\MEDDOC-TEST-WINDSURF\\meddoc-ai-flow\\src\\components\\ui\\button.tsx": {"path":"C:\\Users\\marti\\OneDrive\\Bureaublad\\CURSOR\\MEDICFLOWDOCUMENTS\\MEDDOC-TEST-WINDSURF\\meddoc-ai-flow\\src\\components\\ui\\button.tsx","statementMap":{"0":{"start":{"line":1,"column":0},"end":{"line":1,"column":30}},"1":{"start":{"line":2,"column":0},"end":{"line":2,"column":43}},"2":{"start":{"line":3,"column":0},"end":{"line":3,"column":65}},"3":{"start":{"line":5,"column":0},"end":{"line":5,"column":32}},"4":{"start":{"line":7,"column":23},"end":{"line":33,"column":null}},"5":{"start":{"line":56,"column":17},"end":{"line":56,"column":31}},"6":{"start":{"line":42,"column":15},"end":{"line":52,"column":null}},"7":{"start":{"line":43,"column":46},"end":{"line":43,"column":51}},"8":{"start":{"line":43,"column":56},"end":{"line":43,"column":60}},"9":{"start":{"line":44,"column":17},"end":{"line":44,"column":42}},"10":{"start":{"line":45,"column":4},"end":{"line":51,"column":null}},"11":{"start":{"line":56,"column":9},"end":{"line":56,"column":15}},"12":{"start":{"line":54,"column":0},"end":{"line":54,"column":null}}},"fnMap":{"0":{"name":"(anonymous_1)","decl":{"start":{"line":43,"column":2},"end":{"line":43,"column":3}},"loc":{"start":{"line":43,"column":67},"end":{"line":52,"column":3}}}},"branchMap":{"0":{"loc":{"start":{"line":43,"column":31},"end":{"line":43,"column":46}},"type":"default-arg","locations":[{"start":{"line":43,"column":41},"end":{"line":43,"column":46}}]},"1":{"loc":{"start":{"line":44,"column":17},"end":{"line":44,"column":42}},"type":"cond-expr","locations":[{"start":{"line":44,"column":27},"end":{"line":44,"column":31}},{"start":{"line":44,"column":34},"end":{"line":44,"column":42}}]}},"s":{"0":0,"1":0,"2":0,"3":0,"4":0,"5":0,"6":0,"7":0,"8":0,"9":0,"10":0,"11":0,"12":0},"f":{"0":0},"b":{"0":[0],"1":[0,0]}}
,"C:\\Users\\marti\\OneDrive\\Bureaublad\\CURSOR\\MEDICFLOWDOCUMENTS\\MEDDOC-TEST-WINDSURF\\meddoc-ai-flow\\src\\components\\ui\\calendar.tsx": {"path":"C:\\Users\\marti\\OneDrive\\Bureaublad\\CURSOR\\MEDICFLOWDOCUMENTS\\MEDDOC-TEST-WINDSURF\\meddoc-ai-flow\\src\\components\\ui\\calendar.tsx","statementMap":{"0":{"start":{"line":64,"column":9},"end":{"line":64,"column":17}},"1":{"start":{"line":2,"column":0},"end":{"line":2,"column":57}},"2":{"start":{"line":3,"column":0},"end":{"line":3,"column":45}},"3":{"start":{"line":5,"column":0},"end":{"line":5,"column":33}},"4":{"start":{"line":6,"column":0},"end":{"line":6,"column":56}},"5":{"start":{"line":13,"column":24},"end":{"line":13,"column":null}},"6":{"start":{"line":14,"column":10},"end":{"line":15,"column":16}},"7":{"start":{"line":16,"column":2},"end":{"line":60,"column":4}},"8":{"start":{"line":55,"column":30},"end":{"line":55,"column":34}},"9":{"start":{"line":55,"column":37},"end":{"line":55,"column":null}},"10":{"start":{"line":56,"column":31},"end":{"line":56,"column":35}},"11":{"start":{"line":56,"column":38},"end":{"line":56,"column":null}},"12":{"start":{"line":62,"column":0},"end":{"line":62,"column":34}}},"fnMap":{"0":{"name":"Calendar","decl":{"start":{"line":10,"column":9},"end":{"line":10,"column":17}},"loc":{"start":{"line":15,"column":16},"end":{"line":61,"column":1}}},"1":{"name":"(anonymous_2)","decl":{"start":{"line":55,"column":18},"end":{"line":55,"column":19}},"loc":{"start":{"line":55,"column":36},"end":{"line":55,"column":null}}},"2":{"name":"(anonymous_3)","decl":{"start":{"line":56,"column":19},"end":{"line":56,"column":20}},"loc":{"start":{"line":56,"column":37},"end":{"line":56,"column":null}}}},"branchMap":{"0":{"loc":{"start":{"line":13,"column":2},"end":{"line":13,"column":24}},"type":"default-arg","locations":[{"start":{"line":13,"column":20},"end":{"line":13,"column":24}}]}},"s":{"0":0,"1":0,"2":0,"3":0,"4":0,"5":0,"6":0,"7":0,"8":0,"9":0,"10":0,"11":0,"12":0},"f":{"0":0,"1":0,"2":0},"b":{"0":[0]}}
,"C:\\Users\\marti\\OneDrive\\Bureaublad\\CURSOR\\MEDICFLOWDOCUMENTS\\MEDDOC-TEST-WINDSURF\\meddoc-ai-flow\\src\\components\\ui\\card.tsx": {"path":"C:\\Users\\marti\\OneDrive\\Bureaublad\\CURSOR\\MEDICFLOWDOCUMENTS\\MEDDOC-TEST-WINDSURF\\meddoc-ai-flow\\src\\components\\ui\\card.tsx","statementMap":{"0":{"start":{"line":1,"column":0},"end":{"line":1,"column":30}},"1":{"start":{"line":3,"column":0},"end":{"line":3,"column":32}},"2":{"start":{"line":5,"column":13},"end":{"line":17,"column":2}},"3":{"start":{"line":8,"column":14},"end":{"line":8,"column":19}},"4":{"start":{"line":8,"column":24},"end":{"line":8,"column":28}},"5":{"start":{"line":8,"column":36},"end":{"line":17,"column":2}},"6":{"start":{"line":79,"column":9},"end":{"line":79,"column":13}},"7":{"start":{"line":18,"column":0},"end":{"line":18,"column":null}},"8":{"start":{"line":20,"column":19},"end":{"line":29,"column":2}},"9":{"start":{"line":23,"column":14},"end":{"line":23,"column":19}},"10":{"start":{"line":23,"column":24},"end":{"line":23,"column":28}},"11":{"start":{"line":23,"column":36},"end":{"line":29,"column":2}},"12":{"start":{"line":79,"column":15},"end":{"line":79,"column":25}},"13":{"start":{"line":30,"column":0},"end":{"line":30,"column":null}},"14":{"start":{"line":32,"column":18},"end":{"line":44,"column":2}},"15":{"start":{"line":35,"column":14},"end":{"line":35,"column":19}},"16":{"start":{"line":35,"column":24},"end":{"line":35,"column":28}},"17":{"start":{"line":35,"column":36},"end":{"line":44,"column":2}},"18":{"start":{"line":79,"column":39},"end":{"line":79,"column":48}},"19":{"start":{"line":45,"column":0},"end":{"line":45,"column":null}},"20":{"start":{"line":47,"column":24},"end":{"line":56,"column":2}},"21":{"start":{"line":50,"column":14},"end":{"line":50,"column":19}},"22":{"start":{"line":50,"column":24},"end":{"line":50,"column":28}},"23":{"start":{"line":50,"column":36},"end":{"line":56,"column":2}},"24":{"start":{"line":79,"column":50},"end":{"line":79,"column":65}},"25":{"start":{"line":57,"column":0},"end":{"line":57,"column":null}},"26":{"start":{"line":59,"column":20},"end":{"line":64,"column":2}},"27":{"start":{"line":62,"column":14},"end":{"line":62,"column":19}},"28":{"start":{"line":62,"column":24},"end":{"line":62,"column":28}},"29":{"start":{"line":62,"column":36},"end":{"line":64,"column":2}},"30":{"start":{"line":79,"column":67},"end":{"line":79,"column":78}},"31":{"start":{"line":65,"column":0},"end":{"line":65,"column":null}},"32":{"start":{"line":67,"column":19},"end":{"line":76,"column":2}},"33":{"start":{"line":70,"column":14},"end":{"line":70,"column":19}},"34":{"start":{"line":70,"column":24},"end":{"line":70,"column":28}},"35":{"start":{"line":70,"column":36},"end":{"line":76,"column":2}},"36":{"start":{"line":79,"column":27},"end":{"line":79,"column":37}},"37":{"start":{"line":77,"column":0},"end":{"line":77,"column":null}}},"fnMap":{"0":{"name":"(anonymous_1)","decl":{"start":{"line":8,"column":2},"end":{"line":8,"column":3}},"loc":{"start":{"line":8,"column":35},"end":{"line":17,"column":2}}},"1":{"name":"(anonymous_2)","decl":{"start":{"line":23,"column":2},"end":{"line":23,"column":3}},"loc":{"start":{"line":23,"column":35},"end":{"line":29,"column":2}}},"2":{"name":"(anonymous_3)","decl":{"start":{"line":35,"column":2},"end":{"line":35,"column":3}},"loc":{"start":{"line":35,"column":35},"end":{"line":44,"column":2}}},"3":{"name":"(anonymous_4)","decl":{"start":{"line":50,"column":2},"end":{"line":50,"column":3}},"loc":{"start":{"line":50,"column":35},"end":{"line":56,"column":2}}},"4":{"name":"(anonymous_5)","decl":{"start":{"line":62,"column":2},"end":{"line":62,"column":3}},"loc":{"start":{"line":62,"column":35},"end":{"line":64,"column":2}}},"5":{"name":"(anonymous_6)","decl":{"start":{"line":70,"column":2},"end":{"line":70,"column":3}},"loc":{"start":{"line":70,"column":35},"end":{"line":76,"column":2}}}},"branchMap":{},"s":{"0":0,"1":0,"2":0,"3":0,"4":0,"5":0,"6":0,"7":0,"8":0,"9":0,"10":0,"11":0,"12":0,"13":0,"14":0,"15":0,"16":0,"17":0,"18":0,"19":0,"20":0,"21":0,"22":0,"23":0,"24":0,"25":0,"26":0,"27":0,"28":0,"29":0,"30":0,"31":0,"32":0,"33":0,"34":0,"35":0,"36":0,"37":0},"f":{"0":0,"1":0,"2":0,"3":0,"4":0,"5":0},"b":{}}
,"C:\\Users\\marti\\OneDrive\\Bureaublad\\CURSOR\\MEDICFLOWDOCUMENTS\\MEDDOC-TEST-WINDSURF\\meddoc-ai-flow\\src\\components\\ui\\carousel.tsx": {"path":"C:\\Users\\marti\\OneDrive\\Bureaublad\\CURSOR\\MEDICFLOWDOCUMENTS\\MEDDOC-TEST-WINDSURF\\meddoc-ai-flow\\src\\components\\ui\\carousel.tsx","statementMap":{"0":{"start":{"line":1,"column":0},"end":{"line":1,"column":30}},"1":{"start":{"line":2,"column":0},"end":{"line":2,"column":null}},"2":{"start":{"line":5,"column":0},"end":{"line":5,"column":52}},"3":{"start":{"line":7,"column":0},"end":{"line":7,"column":32}},"4":{"start":{"line":8,"column":0},"end":{"line":8,"column":47}},"5":{"start":{"line":31,"column":24},"end":{"line":31,"column":78}},"6":{"start":{"line":34,"column":18},"end":{"line":34,"column":51}},"7":{"start":{"line":36,"column":2},"end":{"line":38,"column":3}},"8":{"start":{"line":37,"column":4},"end":{"line":37,"column":null}},"9":{"start":{"line":40,"column":2},"end":{"line":40,"column":null}},"10":{"start":{"line":43,"column":17},"end":{"line":147,"column":null}},"11":{"start":{"line":54,"column":14},"end":{"line":54,"column":null}},"12":{"start":{"line":55,"column":14},"end":{"line":56,"column":null}},"13":{"start":{"line":59,"column":31},"end":{"line":64,"column":null}},"14":{"start":{"line":66,"column":46},"end":{"line":66,"column":67}},"15":{"start":{"line":67,"column":46},"end":{"line":67,"column":67}},"16":{"start":{"line":69,"column":21},"end":{"line":76,"column":10}},"17":{"start":{"line":70,"column":6},"end":{"line":72,"column":7}},"18":{"start":{"line":71,"column":8},"end":{"line":71,"column":14}},"19":{"start":{"line":74,"column":6},"end":{"line":74,"column":null}},"20":{"start":{"line":75,"column":6},"end":{"line":75,"column":null}},"21":{"start":{"line":78,"column":23},"end":{"line":80,"column":13}},"22":{"start":{"line":79,"column":6},"end":{"line":79,"column":null}},"23":{"start":{"line":82,"column":23},"end":{"line":84,"column":13}},"24":{"start":{"line":83,"column":6},"end":{"line":83,"column":null}},"25":{"start":{"line":86,"column":26},"end":{"line":96,"column":null}},"26":{"start":{"line":88,"column":8},"end":{"line":94,"column":9}},"27":{"start":{"line":89,"column":10},"end":{"line":89,"column":null}},"28":{"start":{"line":90,"column":10},"end":{"line":90,"column":null}},"29":{"start":{"line":91,"column":15},"end":{"line":94,"column":9}},"30":{"start":{"line":92,"column":10},"end":{"line":92,"column":null}},"31":{"start":{"line":93,"column":10},"end":{"line":93,"column":null}},"32":{"start":{"line":99,"column":4},"end":{"line":105,"column":null}},"33":{"start":{"line":100,"column":6},"end":{"line":102,"column":7}},"34":{"start":{"line":101,"column":8},"end":{"line":101,"column":14}},"35":{"start":{"line":104,"column":6},"end":{"line":104,"column":null}},"36":{"start":{"line":107,"column":4},"end":{"line":119,"column":null}},"37":{"start":{"line":108,"column":6},"end":{"line":110,"column":7}},"38":{"start":{"line":109,"column":8},"end":{"line":109,"column":14}},"39":{"start":{"line":112,"column":6},"end":{"line":112,"column":null}},"40":{"start":{"line":113,"column":6},"end":{"line":113,"column":null}},"41":{"start":{"line":114,"column":6},"end":{"line":114,"column":null}},"42":{"start":{"line":116,"column":6},"end":{"line":118,"column":null}},"43":{"start":{"line":117,"column":8},"end":{"line":117,"column":null}},"44":{"start":{"line":121,"column":4},"end":{"line":146,"column":null}},"45":{"start":{"line":255,"column":2},"end":{"line":255,"column":10}},"46":{"start":{"line":149,"column":0},"end":{"line":149,"column":null}},"47":{"start":{"line":151,"column":24},"end":{"line":170,"column":2}},"48":{"start":{"line":154,"column":14},"end":{"line":154,"column":19}},"49":{"start":{"line":154,"column":24},"end":{"line":154,"column":28}},"50":{"start":{"line":155,"column":39},"end":{"line":155,"column":52}},"51":{"start":{"line":157,"column":2},"end":{"line":169,"column":null}},"52":{"start":{"line":256,"column":2},"end":{"line":256,"column":17}},"53":{"start":{"line":171,"column":0},"end":{"line":171,"column":null}},"54":{"start":{"line":173,"column":21},"end":{"line":192,"column":2}},"55":{"start":{"line":176,"column":14},"end":{"line":176,"column":19}},"56":{"start":{"line":176,"column":24},"end":{"line":176,"column":28}},"57":{"start":{"line":177,"column":26},"end":{"line":177,"column":39}},"58":{"start":{"line":179,"column":2},"end":{"line":191,"column":null}},"59":{"start":{"line":257,"column":2},"end":{"line":257,"column":14}},"60":{"start":{"line":193,"column":0},"end":{"line":193,"column":null}},"61":{"start":{"line":195,"column":25},"end":{"line":221,"column":2}},"62":{"start":{"line":198,"column":50},"end":{"line":198,"column":55}},"63":{"start":{"line":198,"column":60},"end":{"line":198,"column":64}},"64":{"start":{"line":199,"column":53},"end":{"line":199,"column":66}},"65":{"start":{"line":201,"column":2},"end":{"line":220,"column":null}},"66":{"start":{"line":258,"column":2},"end":{"line":258,"column":18}},"67":{"start":{"line":222,"column":0},"end":{"line":222,"column":null}},"68":{"start":{"line":224,"column":21},"end":{"line":250,"column":2}},"69":{"start":{"line":227,"column":50},"end":{"line":227,"column":55}},"70":{"start":{"line":227,"column":60},"end":{"line":227,"column":64}},"71":{"start":{"line":228,"column":53},"end":{"line":228,"column":66}},"72":{"start":{"line":230,"column":2},"end":{"line":249,"column":null}},"73":{"start":{"line":259,"column":2},"end":{"line":259,"column":14}},"74":{"start":{"line":251,"column":0},"end":{"line":251,"column":null}}},"fnMap":{"0":{"name":"useCarousel","decl":{"start":{"line":33,"column":9},"end":{"line":33,"column":20}},"loc":{"start":{"line":33,"column":20},"end":{"line":41,"column":1}}},"1":{"name":"(anonymous_2)","decl":{"start":{"line":47,"column":2},"end":{"line":47,"column":null}},"loc":{"start":{"line":58,"column":6},"end":{"line":147,"column":3}}},"2":{"name":"(anonymous_3)","decl":{"start":{"line":69,"column":39},"end":{"line":69,"column":40}},"loc":{"start":{"line":69,"column":60},"end":{"line":76,"column":5}}},"3":{"name":"(anonymous_4)","decl":{"start":{"line":78,"column":41},"end":{"line":78,"column":44}},"loc":{"start":{"line":78,"column":46},"end":{"line":80,"column":5}}},"4":{"name":"(anonymous_5)","decl":{"start":{"line":82,"column":41},"end":{"line":82,"column":44}},"loc":{"start":{"line":82,"column":46},"end":{"line":84,"column":5}}},"5":{"name":"(anonymous_6)","decl":{"start":{"line":87,"column":6},"end":{"line":87,"column":7}},"loc":{"start":{"line":87,"column":53},"end":{"line":95,"column":7}}},"6":{"name":"(anonymous_7)","decl":{"start":{"line":99,"column":20},"end":{"line":99,"column":23}},"loc":{"start":{"line":99,"column":25},"end":{"line":105,"column":5}}},"7":{"name":"(anonymous_8)","decl":{"start":{"line":107,"column":20},"end":{"line":107,"column":23}},"loc":{"start":{"line":107,"column":25},"end":{"line":119,"column":5}}},"8":{"name":"(anonymous_9)","decl":{"start":{"line":116,"column":13},"end":{"line":116,"column":16}},"loc":{"start":{"line":116,"column":18},"end":{"line":118,"column":7}}},"9":{"name":"(anonymous_10)","decl":{"start":{"line":154,"column":2},"end":{"line":154,"column":3}},"loc":{"start":{"line":154,"column":35},"end":{"line":170,"column":1}}},"10":{"name":"(anonymous_11)","decl":{"start":{"line":176,"column":2},"end":{"line":176,"column":3}},"loc":{"start":{"line":176,"column":35},"end":{"line":192,"column":1}}},"11":{"name":"(anonymous_12)","decl":{"start":{"line":198,"column":2},"end":{"line":198,"column":3}},"loc":{"start":{"line":198,"column":71},"end":{"line":221,"column":1}}},"12":{"name":"(anonymous_13)","decl":{"start":{"line":227,"column":2},"end":{"line":227,"column":3}},"loc":{"start":{"line":227,"column":71},"end":{"line":250,"column":1}}}},"branchMap":{"0":{"loc":{"start":{"line":36,"column":2},"end":{"line":38,"column":3}},"type":"if","locations":[{"start":{"line":36,"column":2},"end":{"line":38,"column":3}},{"start":{},"end":{}}]},"1":{"loc":{"start":{"line":49,"column":6},"end":{"line":49,"column":32}},"type":"default-arg","locations":[{"start":{"line":49,"column":20},"end":{"line":49,"column":32}}]},"2":{"loc":{"start":{"line":62,"column":14},"end":{"line":62,"column":54}},"type":"cond-expr","locations":[{"start":{"line":62,"column":45},"end":{"line":62,"column":48}},{"start":{"line":62,"column":51},"end":{"line":62,"column":54}}]},"3":{"loc":{"start":{"line":70,"column":6},"end":{"line":72,"column":7}},"type":"if","locations":[{"start":{"line":70,"column":6},"end":{"line":72,"column":7}},{"start":{},"end":{}}]},"4":{"loc":{"start":{"line":79,"column":6},"end":{"line":79,"column":23}},"type":"cond-expr","locations":[{"start":{"line":79,"column":9},"end":{"line":79,"column":11}},{"start":{"line":79,"column":6},"end":{"line":79,"column":23}}]},"5":{"loc":{"start":{"line":79,"column":6},"end":{"line":79,"column":11}},"type":"binary-expr","locations":[{"start":{"line":79,"column":6},"end":{"line":79,"column":11}},{"start":{"line":79,"column":6},"end":{"line":79,"column":11}}]},"6":{"loc":{"start":{"line":83,"column":6},"end":{"line":83,"column":23}},"type":"cond-expr","locations":[{"start":{"line":83,"column":9},"end":{"line":83,"column":11}},{"start":{"line":83,"column":6},"end":{"line":83,"column":23}}]},"7":{"loc":{"start":{"line":83,"column":6},"end":{"line":83,"column":11}},"type":"binary-expr","locations":[{"start":{"line":83,"column":6},"end":{"line":83,"column":11}},{"start":{"line":83,"column":6},"end":{"line":83,"column":11}}]},"8":{"loc":{"start":{"line":88,"column":8},"end":{"line":94,"column":9}},"type":"if","locations":[{"start":{"line":88,"column":8},"end":{"line":94,"column":9}},{"start":{"line":91,"column":15},"end":{"line":94,"column":9}}]},"9":{"loc":{"start":{"line":91,"column":15},"end":{"line":94,"column":9}},"type":"if","locations":[{"start":{"line":91,"column":15},"end":{"line":94,"column":9}},{"start":{},"end":{}}]},"10":{"loc":{"start":{"line":100,"column":6},"end":{"line":102,"column":7}},"type":"if","locations":[{"start":{"line":100,"column":6},"end":{"line":102,"column":7}},{"start":{},"end":{}}]},"11":{"loc":{"start":{"line":100,"column":10},"end":{"line":100,"column":25}},"type":"binary-expr","locations":[{"start":{"line":100,"column":10},"end":{"line":100,"column":14}},{"start":{"line":100,"column":18},"end":{"line":100,"column":25}}]},"12":{"loc":{"start":{"line":108,"column":6},"end":{"line":110,"column":7}},"type":"if","locations":[{"start":{"line":108,"column":6},"end":{"line":110,"column":7}},{"start":{},"end":{}}]},"13":{"loc":{"start":{"line":117,"column":8},"end":{"line":117,"column":36}},"type":"cond-expr","locations":[{"start":{"line":117,"column":11},"end":{"line":117,"column":13}},{"start":{"line":117,"column":8},"end":{"line":117,"column":36}}]},"14":{"loc":{"start":{"line":117,"column":8},"end":{"line":117,"column":13}},"type":"binary-expr","locations":[{"start":{"line":117,"column":8},"end":{"line":117,"column":13}},{"start":{"line":117,"column":8},"end":{"line":117,"column":13}}]},"15":{"loc":{"start":{"line":128,"column":12},"end":{"line":128,"column":75}},"type":"binary-expr","locations":[{"start":{"line":128,"column":12},"end":{"line":128,"column":23}},{"start":{"line":128,"column":28},"end":{"line":128,"column":74}}]},"16":{"loc":{"start":{"line":128,"column":28},"end":{"line":128,"column":74}},"type":"cond-expr","locations":[{"start":{"line":128,"column":49},"end":{"line":128,"column":59}},{"start":{"line":128,"column":62},"end":{"line":128,"column":74}}]},"17":{"loc":{"start":{"line":128,"column":28},"end":{"line":128,"column":38}},"type":"cond-expr","locations":[{"start":{"line":128,"column":32},"end":{"line":128,"column":34}},{"start":{"line":128,"column":28},"end":{"line":128,"column":38}}]},"18":{"loc":{"start":{"line":128,"column":28},"end":{"line":128,"column":34}},"type":"binary-expr","locations":[{"start":{"line":128,"column":28},"end":{"line":128,"column":34}},{"start":{"line":128,"column":28},"end":{"line":128,"column":34}}]},"19":{"loc":{"start":{"line":163,"column":10},"end":{"line":163,"column":67}},"type":"cond-expr","locations":[{"start":{"line":163,"column":41},"end":{"line":163,"column":48}},{"start":{"line":163,"column":51},"end":{"line":163,"column":67}}]},"20":{"loc":{"start":{"line":186,"column":8},"end":{"line":186,"column":54}},"type":"cond-expr","locations":[{"start":{"line":186,"column":39},"end":{"line":186,"column":45}},{"start":{"line":186,"column":48},"end":{"line":186,"column":54}}]},"21":{"loc":{"start":{"line":198,"column":16},"end":{"line":198,"column":35}},"type":"default-arg","locations":[{"start":{"line":198,"column":26},"end":{"line":198,"column":35}}]},"22":{"loc":{"start":{"line":198,"column":37},"end":{"line":198,"column":50}},"type":"default-arg","locations":[{"start":{"line":198,"column":44},"end":{"line":198,"column":50}}]},"23":{"loc":{"start":{"line":208,"column":8},"end":{"line":210,"column":57}},"type":"cond-expr","locations":[{"start":{"line":209,"column":12},"end":{"line":209,"column":47}},{"start":{"line":210,"column":12},"end":{"line":210,"column":57}}]},"24":{"loc":{"start":{"line":227,"column":16},"end":{"line":227,"column":35}},"type":"default-arg","locations":[{"start":{"line":227,"column":26},"end":{"line":227,"column":35}}]},"25":{"loc":{"start":{"line":227,"column":37},"end":{"line":227,"column":50}},"type":"default-arg","locations":[{"start":{"line":227,"column":44},"end":{"line":227,"column":50}}]},"26":{"loc":{"start":{"line":237,"column":8},"end":{"line":239,"column":60}},"type":"cond-expr","locations":[{"start":{"line":238,"column":12},"end":{"line":238,"column":48}},{"start":{"line":239,"column":12},"end":{"line":239,"column":60}}]}},"s":{"0":0,"1":0,"2":0,"3":0,"4":0,"5":0,"6":0,"7":0,"8":0,"9":0,"10":0,"11":0,"12":0,"13":0,"14":0,"15":0,"16":0,"17":0,"18":0,"19":0,"20":0,"21":0,"22":0,"23":0,"24":0,"25":0,"26":0,"27":0,"28":0,"29":0,"30":0,"31":0,"32":0,"33":0,"34":0,"35":0,"36":0,"37":0,"38":0,"39":0,"40":0,"41":0,"42":0,"43":0,"44":0,"45":0,"46":0,"47":0,"48":0,"49":0,"50":0,"51":0,"52":0,"53":0,"54":0,"55":0,"56":0,"57":0,"58":0,"59":0,"60":0,"61":0,"62":0,"63":0,"64":0,"65":0,"66":0,"67":0,"68":0,"69":0,"70":0,"71":0,"72":0,"73":0,"74":0},"f":{"0":0,"1":0,"2":0,"3":0,"4":0,"5":0,"6":0,"7":0,"8":0,"9":0,"10":0,"11":0,"12":0},"b":{"0":[0,0],"1":[0],"2":[0,0],"3":[0,0],"4":[0,0],"5":[0,0],"6":[0,0],"7":[0,0],"8":[0,0],"9":[0,0],"10":[0,0],"11":[0,0],"12":[0,0],"13":[0,0],"14":[0,0],"15":[0,0],"16":[0,0],"17":[0,0],"18":[0,0],"19":[0,0],"20":[0,0],"21":[0],"22":[0],"23":[0,0],"24":[0],"25":[0],"26":[0,0]}}
,"C:\\Users\\marti\\OneDrive\\Bureaublad\\CURSOR\\MEDICFLOWDOCUMENTS\\MEDDOC-TEST-WINDSURF\\meddoc-ai-flow\\src\\components\\ui\\chart.tsx": {"path":"C:\\Users\\marti\\OneDrive\\Bureaublad\\CURSOR\\MEDICFLOWDOCUMENTS\\MEDDOC-TEST-WINDSURF\\meddoc-ai-flow\\src\\components\\ui\\chart.tsx","statementMap":{"0":{"start":{"line":1,"column":0},"end":{"line":1,"column":30}},"1":{"start":{"line":2,"column":0},"end":{"line":2,"column":45}},"2":{"start":{"line":4,"column":0},"end":{"line":4,"column":32}},"3":{"start":{"line":7,"column":15},"end":{"line":7,"column":52}},"4":{"start":{"line":23,"column":21},"end":{"line":23,"column":72}},"5":{"start":{"line":26,"column":18},"end":{"line":26,"column":48}},"6":{"start":{"line":28,"column":2},"end":{"line":30,"column":3}},"7":{"start":{"line":29,"column":4},"end":{"line":29,"column":null}},"8":{"start":{"line":32,"column":2},"end":{"line":32,"column":null}},"9":{"start":{"line":35,"column":23},"end":{"line":65,"column":2}},"10":{"start":{"line":43,"column":36},"end":{"line":43,"column":41}},"11":{"start":{"line":43,"column":46},"end":{"line":43,"column":50}},"12":{"start":{"line":44,"column":19},"end":{"line":44,"column":32}},"13":{"start":{"line":45,"column":18},"end":{"line":45,"column":61}},"14":{"start":{"line":47,"column":2},"end":{"line":64,"column":null}},"15":{"start":{"line":357,"column":2},"end":{"line":357,"column":16}},"16":{"start":{"line":66,"column":0},"end":{"line":66,"column":null}},"17":{"start":{"line":68,"column":19},"end":{"line":99,"column":1}},"18":{"start":{"line":69,"column":22},"end":{"line":70,"column":null}},"19":{"start":{"line":70,"column":21},"end":{"line":70,"column":49}},"20":{"start":{"line":73,"column":2},"end":{"line":75,"column":3}},"21":{"start":{"line":74,"column":4},"end":{"line":74,"column":null}},"22":{"start":{"line":77,"column":2},"end":{"line":98,"column":null}},"23":{"start":{"line":82,"column":33},"end":{"line":93,"column":null}},"24":{"start":{"line":87,"column":6},"end":{"line":88,"column":22}},"25":{"start":{"line":89,"column":4},"end":{"line":89,"column":null}},"26":{"start":{"line":362,"column":2},"end":{"line":362,"column":12}},"27":{"start":{"line":101,"column":21},"end":{"line":101,"column":46}},"28":{"start":{"line":358,"column":2},"end":{"line":358,"column":14}},"29":{"start":{"line":103,"column":28},"end":{"line":253,"column":null}},"30":{"start":{"line":132,"column":23},"end":{"line":132,"column":33}},"31":{"start":{"line":134,"column":25},"end":{"line":168,"column":6}},"32":{"start":{"line":135,"column":6},"end":{"line":137,"column":7}},"33":{"start":{"line":136,"column":8},"end":{"line":136,"column":null}},"34":{"start":{"line":139,"column":21},"end":{"line":139,"column":28}},"35":{"start":{"line":140,"column":18},"end":{"line":140,"column":71}},"36":{"start":{"line":141,"column":25},"end":{"line":141,"column":71}},"37":{"start":{"line":143,"column":8},"end":{"line":145,"column":29}},"38":{"start":{"line":147,"column":6},"end":{"line":153,"column":7}},"39":{"start":{"line":148,"column":8},"end":{"line":152,"column":null}},"40":{"start":{"line":155,"column":6},"end":{"line":157,"column":7}},"41":{"start":{"line":156,"column":8},"end":{"line":156,"column":null}},"42":{"start":{"line":159,"column":6},"end":{"line":159,"column":null}},"43":{"start":{"line":170,"column":4},"end":{"line":172,"column":5}},"44":{"start":{"line":171,"column":6},"end":{"line":171,"column":null}},"45":{"start":{"line":174,"column":22},"end":{"line":174,"column":65}},"46":{"start":{"line":176,"column":4},"end":{"line":252,"column":null}},"47":{"start":{"line":187,"column":24},"end":{"line":187,"column":76}},"48":{"start":{"line":188,"column":31},"end":{"line":188,"column":77}},"49":{"start":{"line":189,"column":35},"end":{"line":189,"column":75}},"50":{"start":{"line":191,"column":12},"end":{"line":248,"column":null}},"51":{"start":{"line":359,"column":2},"end":{"line":359,"column":21}},"52":{"start":{"line":255,"column":0},"end":{"line":255,"column":null}},"53":{"start":{"line":257,"column":20},"end":{"line":257,"column":44}},"54":{"start":{"line":360,"column":2},"end":{"line":360,"column":13}},"55":{"start":{"line":259,"column":27},"end":{"line":313,"column":null}},"56":{"start":{"line":271,"column":23},"end":{"line":271,"column":33}},"57":{"start":{"line":273,"column":4},"end":{"line":275,"column":5}},"58":{"start":{"line":274,"column":6},"end":{"line":274,"column":null}},"59":{"start":{"line":277,"column":4},"end":{"line":312,"column":null}},"60":{"start":{"line":287,"column":22},"end":{"line":287,"column":61}},"61":{"start":{"line":288,"column":29},"end":{"line":288,"column":75}},"62":{"start":{"line":290,"column":10},"end":{"line":309,"column":null}},"63":{"start":{"line":361,"column":2},"end":{"line":361,"column":20}},"64":{"start":{"line":315,"column":0},"end":{"line":315,"column":null}},"65":{"start":{"line":323,"column":2},"end":{"line":325,"column":3}},"66":{"start":{"line":324,"column":4},"end":{"line":324,"column":null}},"67":{"start":{"line":328,"column":4},"end":{"line":332,"column":17}},"68":{"start":{"line":334,"column":31},"end":{"line":334,"column":34}},"69":{"start":{"line":336,"column":2},"end":{"line":349,"column":3}},"70":{"start":{"line":340,"column":4},"end":{"line":340,"column":null}},"71":{"start":{"line":341,"column":9},"end":{"line":349,"column":3}},"72":{"start":{"line":346,"column":4},"end":{"line":348,"column":null}},"73":{"start":{"line":351,"column":2},"end":{"line":353,"column":null}}},"fnMap":{"0":{"name":"useChart","decl":{"start":{"line":25,"column":9},"end":{"line":25,"column":17}},"loc":{"start":{"line":25,"column":17},"end":{"line":33,"column":1}}},"1":{"name":"(anonymous_2)","decl":{"start":{"line":43,"column":2},"end":{"line":43,"column":3}},"loc":{"start":{"line":43,"column":57},"end":{"line":65,"column":1}}},"2":{"name":"(anonymous_3)","decl":{"start":{"line":68,"column":19},"end":{"line":68,"column":20}},"loc":{"start":{"line":68,"column":75},"end":{"line":99,"column":1}}},"3":{"name":"(anonymous_4)","decl":{"start":{"line":70,"column":4},"end":{"line":70,"column":5}},"loc":{"start":{"line":70,"column":21},"end":{"line":70,"column":49}}},"4":{"name":"(anonymous_5)","decl":{"start":{"line":82,"column":12},"end":{"line":82,"column":13}},"loc":{"start":{"line":82,"column":33},"end":{"line":93,"column":null}}},"5":{"name":"(anonymous_6)","decl":{"start":{"line":85,"column":7},"end":{"line":85,"column":8}},"loc":{"start":{"line":85,"column":29},"end":{"line":90,"column":3}}},"6":{"name":"(anonymous_7)","decl":{"start":{"line":114,"column":2},"end":{"line":114,"column":null}},"loc":{"start":{"line":131,"column":6},"end":{"line":253,"column":3}}},"7":{"name":"(anonymous_8)","decl":{"start":{"line":134,"column":39},"end":{"line":134,"column":42}},"loc":{"start":{"line":134,"column":44},"end":{"line":160,"column":5}}},"8":{"name":"(anonymous_9)","decl":{"start":{"line":186,"column":23},"end":{"line":186,"column":24}},"loc":{"start":{"line":186,"column":39},"end":{"line":249,"column":11}}},"9":{"name":"(anonymous_10)","decl":{"start":{"line":267,"column":2},"end":{"line":267,"column":null}},"loc":{"start":{"line":270,"column":6},"end":{"line":313,"column":3}}},"10":{"name":"(anonymous_11)","decl":{"start":{"line":286,"column":21},"end":{"line":286,"column":22}},"loc":{"start":{"line":286,"column":30},"end":{"line":310,"column":9}}},"11":{"name":"getPayloadConfigFromPayload","decl":{"start":{"line":318,"column":9},"end":{"line":318,"column":36}},"loc":{"start":{"line":321,"column":13},"end":{"line":354,"column":1}}}},"branchMap":{"0":{"loc":{"start":{"line":28,"column":2},"end":{"line":30,"column":3}},"type":"if","locations":[{"start":{"line":28,"column":2},"end":{"line":30,"column":3}},{"start":{},"end":{}}]},"1":{"loc":{"start":{"line":45,"column":27},"end":{"line":45,"column":59}},"type":"binary-expr","locations":[{"start":{"line":45,"column":27},"end":{"line":45,"column":29}},{"start":{"line":45,"column":33},"end":{"line":45,"column":59}}]},"2":{"loc":{"start":{"line":70,"column":21},"end":{"line":70,"column":49}},"type":"binary-expr","locations":[{"start":{"line":70,"column":21},"end":{"line":70,"column":33}},{"start":{"line":70,"column":37},"end":{"line":70,"column":49}}]},"3":{"loc":{"start":{"line":73,"column":2},"end":{"line":75,"column":3}},"type":"if","locations":[{"start":{"line":73,"column":2},"end":{"line":75,"column":3}},{"start":{},"end":{}}]},"4":{"loc":{"start":{"line":87,"column":6},"end":{"line":88,"column":22}},"type":"binary-expr","locations":[{"start":{"line":87,"column":6},"end":{"line":87,"column":64}},{"start":{"line":88,"column":6},"end":{"line":88,"column":22}}]},"5":{"loc":{"start":{"line":87,"column":6},"end":{"line":87,"column":64}},"type":"cond-expr","locations":[{"start":{"line":87,"column":22},"end":{"line":87,"column":25}},{"start":{"line":87,"column":22},"end":{"line":87,"column":64}}]},"6":{"loc":{"start":{"line":87,"column":6},"end":{"line":87,"column":25}},"type":"binary-expr","locations":[{"start":{"line":87,"column":6},"end":{"line":87,"column":25}},{"start":{"line":87,"column":22},"end":{"line":87,"column":25}}]},"7":{"loc":{"start":{"line":89,"column":11},"end":{"line":89,"column":55}},"type":"cond-expr","locations":[{"start":{"line":89,"column":19},"end":{"line":89,"column":48}},{"start":{"line":89,"column":51},"end":{"line":89,"column":55}}]},"8":{"loc":{"start":{"line":119,"column":6},"end":{"line":119,"column":23}},"type":"default-arg","locations":[{"start":{"line":119,"column":18},"end":{"line":119,"column":23}}]},"9":{"loc":{"start":{"line":120,"column":6},"end":{"line":120,"column":23}},"type":"default-arg","locations":[{"start":{"line":120,"column":18},"end":{"line":120,"column":23}}]},"10":{"loc":{"start":{"line":121,"column":6},"end":{"line":121,"column":27}},"type":"default-arg","locations":[{"start":{"line":121,"column":22},"end":{"line":121,"column":27}}]},"11":{"loc":{"start":{"line":135,"column":6},"end":{"line":137,"column":7}},"type":"if","locations":[{"start":{"line":135,"column":6},"end":{"line":137,"column":7}},{"start":{},"end":{}}]},"12":{"loc":{"start":{"line":135,"column":10},"end":{"line":135,"column":41}},"type":"binary-expr","locations":[{"start":{"line":135,"column":10},"end":{"line":135,"column":19}},{"start":{"line":135,"column":23},"end":{"line":135,"column":41}}]},"13":{"loc":{"start":{"line":135,"column":24},"end":{"line":135,"column":39}},"type":"cond-expr","locations":[{"start":{"line":135,"column":31},"end":{"line":135,"column":33}},{"start":{"line":135,"column":24},"end":{"line":135,"column":39}}]},"14":{"loc":{"start":{"line":135,"column":24},"end":{"line":135,"column":33}},"type":"binary-expr","locations":[{"start":{"line":135,"column":24},"end":{"line":135,"column":33}},{"start":{"line":135,"column":24},"end":{"line":135,"column":33}}]},"15":{"loc":{"start":{"line":140,"column":21},"end":{"line":140,"column":69}},"type":"binary-expr","locations":[{"start":{"line":140,"column":21},"end":{"line":140,"column":29}},{"start":{"line":140,"column":33},"end":{"line":140,"column":45}},{"start":{"line":140,"column":49},"end":{"line":140,"column":58}},{"start":{"line":140,"column":62},"end":{"line":140,"column":69}}]},"16":{"loc":{"start":{"line":143,"column":8},"end":{"line":145,"column":29}},"type":"cond-expr","locations":[{"start":{"line":144,"column":12},"end":{"line":144,"column":64}},{"start":{"line":145,"column":12},"end":{"line":145,"column":29}}]},"17":{"loc":{"start":{"line":143,"column":8},"end":{"line":143,"column":46}},"type":"binary-expr","locations":[{"start":{"line":143,"column":8},"end":{"line":143,"column":17}},{"start":{"line":143,"column":21},"end":{"line":143,"column":46}}]},"18":{"loc":{"start":{"line":144,"column":12},"end":{"line":144,"column":64}},"type":"binary-expr","locations":[{"start":{"line":144,"column":12},"end":{"line":144,"column":55}},{"start":{"line":144,"column":59},"end":{"line":144,"column":64}}]},"19":{"loc":{"start":{"line":144,"column":12},"end":{"line":144,"column":55}},"type":"cond-expr","locations":[{"start":{"line":144,"column":48},"end":{"line":144,"column":50}},{"start":{"line":144,"column":48},"end":{"line":144,"column":55}}]},"20":{"loc":{"start":{"line":144,"column":12},"end":{"line":144,"column":50}},"type":"binary-expr","locations":[{"start":{"line":144,"column":12},"end":{"line":144,"column":50}},{"start":{"line":144,"column":48},"end":{"line":144,"column":50}}]},"21":{"loc":{"start":{"line":145,"column":12},"end":{"line":145,"column":29}},"type":"cond-expr","locations":[{"start":{"line":145,"column":22},"end":{"line":145,"column":24}},{"start":{"line":145,"column":12},"end":{"line":145,"column":29}}]},"22":{"loc":{"start":{"line":145,"column":12},"end":{"line":145,"column":24}},"type":"binary-expr","locations":[{"start":{"line":145,"column":12},"end":{"line":145,"column":24}},{"start":{"line":145,"column":12},"end":{"line":145,"column":24}}]},"23":{"loc":{"start":{"line":147,"column":6},"end":{"line":153,"column":7}},"type":"if","locations":[{"start":{"line":147,"column":6},"end":{"line":153,"column":7}},{"start":{},"end":{}}]},"24":{"loc":{"start":{"line":155,"column":6},"end":{"line":157,"column":7}},"type":"if","locations":[{"start":{"line":155,"column":6},"end":{"line":157,"column":7}},{"start":{},"end":{}}]},"25":{"loc":{"start":{"line":170,"column":4},"end":{"line":172,"column":5}},"type":"if","locations":[{"start":{"line":170,"column":4},"end":{"line":172,"column":5}},{"start":{},"end":{}}]},"26":{"loc":{"start":{"line":170,"column":8},"end":{"line":170,"column":37}},"type":"binary-expr","locations":[{"start":{"line":170,"column":8},"end":{"line":170,"column":15}},{"start":{"line":170,"column":19},"end":{"line":170,"column":37}}]},"27":{"loc":{"start":{"line":170,"column":20},"end":{"line":170,"column":35}},"type":"cond-expr","locations":[{"start":{"line":170,"column":27},"end":{"line":170,"column":29}},{"start":{"line":170,"column":20},"end":{"line":170,"column":35}}]},"28":{"loc":{"start":{"line":170,"column":20},"end":{"line":170,"column":29}},"type":"binary-expr","locations":[{"start":{"line":170,"column":20},"end":{"line":170,"column":29}},{"start":{"line":170,"column":20},"end":{"line":170,"column":29}}]},"29":{"loc":{"start":{"line":174,"column":22},"end":{"line":174,"column":65}},"type":"binary-expr","locations":[{"start":{"line":174,"column":22},"end":{"line":174,"column":42}},{"start":{"line":174,"column":46},"end":{"line":174,"column":65}}]},"30":{"loc":{"start":{"line":184,"column":9},"end":{"line":184,"column":41}},"type":"cond-expr","locations":[{"start":{"line":184,"column":22},"end":{"line":184,"column":34}},{"start":{"line":184,"column":37},"end":{"line":184,"column":41}}]},"31":{"loc":{"start":{"line":187,"column":27},"end":{"line":187,"column":74}},"type":"binary-expr","locations":[{"start":{"line":187,"column":27},"end":{"line":187,"column":34}},{"start":{"line":187,"column":38},"end":{"line":187,"column":47}},{"start":{"line":187,"column":51},"end":{"line":187,"column":63}},{"start":{"line":187,"column":67},"end":{"line":187,"column":74}}]},"32":{"loc":{"start":{"line":189,"column":35},"end":{"line":189,"column":75}},"type":"binary-expr","locations":[{"start":{"line":189,"column":35},"end":{"line":189,"column":40}},{"start":{"line":189,"column":44},"end":{"line":189,"column":61}},{"start":{"line":189,"column":65},"end":{"line":189,"column":75}}]},"33":{"loc":{"start":{"line":196,"column":18},"end":{"line":196,"column":55}},"type":"binary-expr","locations":[{"start":{"line":196,"column":18},"end":{"line":196,"column":37}},{"start":{"line":196,"column":41},"end":{"line":196,"column":55}}]},"34":{"loc":{"start":{"line":199,"column":17},"end":{"line":245,"column":null}},"type":"cond-expr","locations":[{"start":{"line":200,"column":18},"end":{"line":200,"column":77}},{"start":{"line":202,"column":18},"end":{"line":244,"column":null}}]},"35":{"loc":{"start":{"line":199,"column":17},"end":{"line":199,"column":68}},"type":"binary-expr","locations":[{"start":{"line":199,"column":17},"end":{"line":199,"column":26}},{"start":{"line":199,"column":30},"end":{"line":199,"column":55}},{"start":{"line":199,"column":59},"end":{"line":199,"column":68}}]},"36":{"loc":{"start":{"line":199,"column":30},"end":{"line":199,"column":41}},"type":"cond-expr","locations":[{"start":{"line":199,"column":34},"end":{"line":199,"column":36}},{"start":{"line":199,"column":30},"end":{"line":199,"column":41}}]},"37":{"loc":{"start":{"line":199,"column":30},"end":{"line":199,"column":36}},"type":"binary-expr","locations":[{"start":{"line":199,"column":30},"end":{"line":199,"column":36}},{"start":{"line":199,"column":30},"end":{"line":199,"column":36}}]},"38":{"loc":{"start":{"line":203,"column":21},"end":{"line":225,"column":null}},"type":"cond-expr","locations":[{"start":{"line":204,"column":22},"end":{"line":204,"column":41}},{"start":{"line":206,"column":22},"end":{"line":224,"column":null}}]},"39":{"loc":{"start":{"line":203,"column":21},"end":{"line":203,"column":37}},"type":"cond-expr","locations":[{"start":{"line":203,"column":31},"end":{"line":203,"column":33}},{"start":{"line":203,"column":21},"end":{"line":203,"column":37}}]},"40":{"loc":{"start":{"line":203,"column":21},"end":{"line":203,"column":33}},"type":"binary-expr","locations":[{"start":{"line":203,"column":21},"end":{"line":203,"column":33}},{"start":{"line":203,"column":21},"end":{"line":203,"column":33}}]},"41":{"loc":{"start":{"line":206,"column":22},"end":{"line":224,"column":null}},"type":"binary-expr","locations":[{"start":{"line":206,"column":22},"end":{"line":206,"column":36}},{"start":{"line":207,"column":24},"end":{"line":222,"column":null}}]},"42":{"loc":{"start":{"line":215,"column":40},"end":{"line":215,"column":75}},"type":"binary-expr","locations":[{"start":{"line":215,"column":40},"end":{"line":215,"column":49}},{"start":{"line":215,"column":53},"end":{"line":215,"column":75}}]},"43":{"loc":{"start":{"line":230,"column":24},"end":{"line":230,"column":64}},"type":"cond-expr","locations":[{"start":{"line":230,"column":36},"end":{"line":230,"column":47}},{"start":{"line":230,"column":50},"end":{"line":230,"column":64}}]},"44":{"loc":{"start":{"line":234,"column":25},"end":{"line":234,"column":56}},"type":"cond-expr","locations":[{"start":{"line":234,"column":37},"end":{"line":234,"column":49}},{"start":{"line":234,"column":52},"end":{"line":234,"column":56}}]},"45":{"loc":{"start":{"line":236,"column":27},"end":{"line":236,"column":57}},"type":"binary-expr","locations":[{"start":{"line":236,"column":27},"end":{"line":236,"column":44}},{"start":{"line":236,"column":48},"end":{"line":236,"column":57}}]},"46":{"loc":{"start":{"line":236,"column":27},"end":{"line":236,"column":44}},"type":"cond-expr","locations":[{"start":{"line":236,"column":37},"end":{"line":236,"column":39}},{"start":{"line":236,"column":27},"end":{"line":236,"column":44}}]},"47":{"loc":{"start":{"line":236,"column":27},"end":{"line":236,"column":39}},"type":"binary-expr","locations":[{"start":{"line":236,"column":27},"end":{"line":236,"column":39}},{"start":{"line":236,"column":27},"end":{"line":236,"column":39}}]},"48":{"loc":{"start":{"line":239,"column":23},"end":{"line":242,"column":null}},"type":"binary-expr","locations":[{"start":{"line":239,"column":23},"end":{"line":239,"column":33}},{"start":{"line":240,"column":24},"end":{"line":241,"column":null}}]},"49":{"loc":{"start":{"line":268,"column":17},"end":{"line":268,"column":33}},"type":"default-arg","locations":[{"start":{"line":268,"column":28},"end":{"line":268,"column":33}}]},"50":{"loc":{"start":{"line":268,"column":44},"end":{"line":268,"column":68}},"type":"default-arg","locations":[{"start":{"line":268,"column":60},"end":{"line":268,"column":68}}]},"51":{"loc":{"start":{"line":273,"column":4},"end":{"line":275,"column":5}},"type":"if","locations":[{"start":{"line":273,"column":4},"end":{"line":275,"column":5}},{"start":{},"end":{}}]},"52":{"loc":{"start":{"line":273,"column":9},"end":{"line":273,"column":24}},"type":"cond-expr","locations":[{"start":{"line":273,"column":16},"end":{"line":273,"column":18}},{"start":{"line":273,"column":9},"end":{"line":273,"column":24}}]},"53":{"loc":{"start":{"line":273,"column":9},"end":{"line":273,"column":18}},"type":"binary-expr","locations":[{"start":{"line":273,"column":9},"end":{"line":273,"column":18}},{"start":{"line":273,"column":9},"end":{"line":273,"column":18}}]},"54":{"loc":{"start":{"line":282,"column":10},"end":{"line":282,"column":51}},"type":"cond-expr","locations":[{"start":{"line":282,"column":36},"end":{"line":282,"column":42}},{"start":{"line":282,"column":45},"end":{"line":282,"column":51}}]},"55":{"loc":{"start":{"line":287,"column":25},"end":{"line":287,"column":59}},"type":"binary-expr","locations":[{"start":{"line":287,"column":25},"end":{"line":287,"column":32}},{"start":{"line":287,"column":36},"end":{"line":287,"column":48}},{"start":{"line":287,"column":52},"end":{"line":287,"column":59}}]},"56":{"loc":{"start":{"line":297,"column":15},"end":{"line":305,"column":null}},"type":"cond-expr","locations":[{"start":{"line":298,"column":16},"end":{"line":298,"column":35}},{"start":{"line":300,"column":16},"end":{"line":304,"column":null}}]},"57":{"loc":{"start":{"line":297,"column":15},"end":{"line":297,"column":44}},"type":"binary-expr","locations":[{"start":{"line":297,"column":15},"end":{"line":297,"column":31}},{"start":{"line":297,"column":35},"end":{"line":297,"column":44}}]},"58":{"loc":{"start":{"line":297,"column":15},"end":{"line":297,"column":31}},"type":"cond-expr","locations":[{"start":{"line":297,"column":25},"end":{"line":297,"column":27}},{"start":{"line":297,"column":15},"end":{"line":297,"column":31}}]},"59":{"loc":{"start":{"line":297,"column":15},"end":{"line":297,"column":27}},"type":"binary-expr","locations":[{"start":{"line":297,"column":15},"end":{"line":297,"column":27}},{"start":{"line":297,"column":15},"end":{"line":297,"column":27}}]},"60":{"loc":{"start":{"line":307,"column":15},"end":{"line":307,"column":32}},"type":"cond-expr","locations":[{"start":{"line":307,"column":25},"end":{"line":307,"column":27}},{"start":{"line":307,"column":15},"end":{"line":307,"column":32}}]},"61":{"loc":{"start":{"line":307,"column":15},"end":{"line":307,"column":27}},"type":"binary-expr","locations":[{"start":{"line":307,"column":15},"end":{"line":307,"column":27}},{"start":{"line":307,"column":15},"end":{"line":307,"column":27}}]},"62":{"loc":{"start":{"line":323,"column":2},"end":{"line":325,"column":3}},"type":"if","locations":[{"start":{"line":323,"column":2},"end":{"line":325,"column":3}},{"start":{},"end":{}}]},"63":{"loc":{"start":{"line":323,"column":6},"end":{"line":323,"column":53}},"type":"binary-expr","locations":[{"start":{"line":323,"column":6},"end":{"line":323,"column":33}},{"start":{"line":323,"column":37},"end":{"line":323,"column":53}}]},"64":{"loc":{"start":{"line":328,"column":4},"end":{"line":332,"column":17}},"type":"cond-expr","locations":[{"start":{"line":331,"column":8},"end":{"line":331,"column":23}},{"start":{"line":332,"column":8},"end":{"line":332,"column":17}}]},"65":{"loc":{"start":{"line":328,"column":4},"end":{"line":330,"column":28}},"type":"binary-expr","locations":[{"start":{"line":328,"column":4},"end":{"line":328,"column":24}},{"start":{"line":329,"column":4},"end":{"line":329,"column":39}},{"start":{"line":330,"column":4},"end":{"line":330,"column":28}}]},"66":{"loc":{"start":{"line":336,"column":2},"end":{"line":349,"column":3}},"type":"if","locations":[{"start":{"line":336,"column":2},"end":{"line":349,"column":3}},{"start":{"line":341,"column":9},"end":{"line":349,"column":3}}]},"67":{"loc":{"start":{"line":337,"column":4},"end":{"line":338,"column":60}},"type":"binary-expr","locations":[{"start":{"line":337,"column":4},"end":{"line":337,"column":18}},{"start":{"line":338,"column":4},"end":{"line":338,"column":60}}]},"68":{"loc":{"start":{"line":341,"column":9},"end":{"line":349,"column":3}},"type":"if","locations":[{"start":{"line":341,"column":9},"end":{"line":349,"column":3}},{"start":{},"end":{}}]},"69":{"loc":{"start":{"line":342,"column":4},"end":{"line":344,"column":74}},"type":"binary-expr","locations":[{"start":{"line":342,"column":4},"end":{"line":342,"column":18}},{"start":{"line":343,"column":4},"end":{"line":343,"column":25}},{"start":{"line":344,"column":4},"end":{"line":344,"column":74}}]},"70":{"loc":{"start":{"line":351,"column":9},"end":{"line":353,"column":40}},"type":"cond-expr","locations":[{"start":{"line":352,"column":6},"end":{"line":352,"column":28}},{"start":{"line":353,"column":6},"end":{"line":353,"column":40}}]}},"s":{"0":0,"1":0,"2":0,"3":0,"4":0,"5":0,"6":0,"7":0,"8":0,"9":0,"10":0,"11":0,"12":0,"13":0,"14":0,"15":0,"16":0,"17":0,"18":0,"19":0,"20":0,"21":0,"22":0,"23":0,"24":0,"25":0,"26":0,"27":0,"28":0,"29":0,"30":0,"31":0,"32":0,"33":0,"34":0,"35":0,"36":0,"37":0,"38":0,"39":0,"40":0,"41":0,"42":0,"43":0,"44":0,"45":0,"46":0,"47":0,"48":0,"49":0,"50":0,"51":0,"52":0,"53":0,"54":0,"55":0,"56":0,"57":0,"58":0,"59":0,"60":0,"61":0,"62":0,"63":0,"64":0,"65":0,"66":0,"67":0,"68":0,"69":0,"70":0,"71":0,"72":0,"73":0},"f":{"0":0,"1":0,"2":0,"3":0,"4":0,"5":0,"6":0,"7":0,"8":0,"9":0,"10":0,"11":0},"b":{"0":[0,0],"1":[0,0],"2":[0,0],"3":[0,0],"4":[0,0],"5":[0,0],"6":[0,0],"7":[0,0],"8":[0],"9":[0],"10":[0],"11":[0,0],"12":[0,0],"13":[0,0],"14":[0,0],"15":[0,0,0,0],"16":[0,0],"17":[0,0],"18":[0,0],"19":[0,0],"20":[0,0],"21":[0,0],"22":[0,0],"23":[0,0],"24":[0,0],"25":[0,0],"26":[0,0],"27":[0,0],"28":[0,0],"29":[0,0],"30":[0,0],"31":[0,0,0,0],"32":[0,0,0],"33":[0,0],"34":[0,0],"35":[0,0,0],"36":[0,0],"37":[0,0],"38":[0,0],"39":[0,0],"40":[0,0],"41":[0,0],"42":[0,0],"43":[0,0],"44":[0,0],"45":[0,0],"46":[0,0],"47":[0,0],"48":[0,0],"49":[0],"50":[0],"51":[0,0],"52":[0,0],"53":[0,0],"54":[0,0],"55":[0,0,0],"56":[0,0],"57":[0,0],"58":[0,0],"59":[0,0],"60":[0,0],"61":[0,0],"62":[0,0],"63":[0,0],"64":[0,0],"65":[0,0,0],"66":[0,0],"67":[0,0],"68":[0,0],"69":[0,0,0],"70":[0,0]}}
,"C:\\Users\\marti\\OneDrive\\Bureaublad\\CURSOR\\MEDICFLOWDOCUMENTS\\MEDDOC-TEST-WINDSURF\\meddoc-ai-flow\\src\\components\\ui\\checkbox.tsx": {"path":"C:\\Users\\marti\\OneDrive\\Bureaublad\\CURSOR\\MEDICFLOWDOCUMENTS\\MEDDOC-TEST-WINDSURF\\meddoc-ai-flow\\src\\components\\ui\\checkbox.tsx","statementMap":{"0":{"start":{"line":1,"column":0},"end":{"line":1,"column":30}},"1":{"start":{"line":2,"column":0},"end":{"line":2,"column":61}},"2":{"start":{"line":3,"column":0},"end":{"line":3,"column":36}},"3":{"start":{"line":5,"column":0},"end":{"line":5,"column":32}},"4":{"start":{"line":7,"column":17},"end":{"line":25,"column":2}},"5":{"start":{"line":10,"column":14},"end":{"line":10,"column":19}},"6":{"start":{"line":10,"column":24},"end":{"line":10,"column":28}},"7":{"start":{"line":10,"column":36},"end":{"line":25,"column":2}},"8":{"start":{"line":28,"column":9},"end":{"line":28,"column":17}},"9":{"start":{"line":26,"column":0},"end":{"line":26,"column":null}}},"fnMap":{"0":{"name":"(anonymous_1)","decl":{"start":{"line":10,"column":2},"end":{"line":10,"column":3}},"loc":{"start":{"line":10,"column":35},"end":{"line":25,"column":2}}}},"branchMap":{},"s":{"0":0,"1":0,"2":0,"3":0,"4":0,"5":0,"6":0,"7":0,"8":0,"9":0},"f":{"0":0},"b":{}}
,"C:\\Users\\marti\\OneDrive\\Bureaublad\\CURSOR\\MEDICFLOWDOCUMENTS\\MEDDOC-TEST-WINDSURF\\meddoc-ai-flow\\src\\components\\ui\\collapsible.tsx": {"path":"C:\\Users\\marti\\OneDrive\\Bureaublad\\CURSOR\\MEDICFLOWDOCUMENTS\\MEDDOC-TEST-WINDSURF\\meddoc-ai-flow\\src\\components\\ui\\collapsible.tsx","statementMap":{"0":{"start":{"line":1,"column":0},"end":{"line":1,"column":67}},"1":{"start":{"line":3,"column":20},"end":{"line":3,"column":45}},"2":{"start":{"line":9,"column":9},"end":{"line":9,"column":20}},"3":{"start":{"line":5,"column":27},"end":{"line":5,"column":66}},"4":{"start":{"line":9,"column":22},"end":{"line":9,"column":40}},"5":{"start":{"line":7,"column":27},"end":{"line":7,"column":66}},"6":{"start":{"line":9,"column":42},"end":{"line":9,"column":60}}},"fnMap":{},"branchMap":{},"s":{"0":0,"1":0,"2":0,"3":0,"4":0,"5":0,"6":0},"f":{},"b":{}}
,"C:\\Users\\marti\\OneDrive\\Bureaublad\\CURSOR\\MEDICFLOWDOCUMENTS\\MEDDOC-TEST-WINDSURF\\meddoc-ai-flow\\src\\components\\ui\\command.tsx": {"path":"C:\\Users\\marti\\OneDrive\\Bureaublad\\CURSOR\\MEDICFLOWDOCUMENTS\\MEDDOC-TEST-WINDSURF\\meddoc-ai-flow\\src\\components\\ui\\command.tsx","statementMap":{"0":{"start":{"line":1,"column":0},"end":{"line":1,"column":30}},"1":{"start":{"line":3,"column":0},"end":{"line":3,"column":50}},"2":{"start":{"line":4,"column":0},"end":{"line":4,"column":37}},"3":{"start":{"line":6,"column":0},"end":{"line":6,"column":32}},"4":{"start":{"line":7,"column":0},"end":{"line":7,"column":62}},"5":{"start":{"line":9,"column":16},"end":{"line":21,"column":2}},"6":{"start":{"line":12,"column":14},"end":{"line":12,"column":19}},"7":{"start":{"line":12,"column":24},"end":{"line":12,"column":28}},"8":{"start":{"line":12,"column":36},"end":{"line":21,"column":2}},"9":{"start":{"line":144,"column":2},"end":{"line":144,"column":9}},"10":{"start":{"line":22,"column":0},"end":{"line":22,"column":null}},"11":{"start":{"line":26,"column":22},"end":{"line":36,"column":1}},"12":{"start":{"line":26,"column":33},"end":{"line":26,"column":38}},"13":{"start":{"line":26,"column":43},"end":{"line":26,"column":65}},"14":{"start":{"line":27,"column":2},"end":{"line":35,"column":null}},"15":{"start":{"line":145,"column":2},"end":{"line":145,"column":15}},"16":{"start":{"line":38,"column":21},"end":{"line":53,"column":2}},"17":{"start":{"line":41,"column":14},"end":{"line":41,"column":19}},"18":{"start":{"line":41,"column":24},"end":{"line":41,"column":28}},"19":{"start":{"line":41,"column":36},"end":{"line":53,"column":2}},"20":{"start":{"line":146,"column":2},"end":{"line":146,"column":14}},"21":{"start":{"line":55,"column":0},"end":{"line":55,"column":null}},"22":{"start":{"line":57,"column":20},"end":{"line":66,"column":2}},"23":{"start":{"line":60,"column":14},"end":{"line":60,"column":19}},"24":{"start":{"line":60,"column":24},"end":{"line":60,"column":28}},"25":{"start":{"line":60,"column":36},"end":{"line":66,"column":2}},"26":{"start":{"line":147,"column":2},"end":{"line":147,"column":13}},"27":{"start":{"line":68,"column":0},"end":{"line":68,"column":null}},"28":{"start":{"line":70,"column":21},"end":{"line":79,"column":2}},"29":{"start":{"line":74,"column":2},"end":{"line":77,"column":null}},"30":{"start":{"line":148,"column":2},"end":{"line":148,"column":14}},"31":{"start":{"line":81,"column":0},"end":{"line":81,"column":null}},"32":{"start":{"line":83,"column":21},"end":{"line":95,"column":2}},"33":{"start":{"line":86,"column":14},"end":{"line":86,"column":19}},"34":{"start":{"line":86,"column":24},"end":{"line":86,"column":28}},"35":{"start":{"line":86,"column":36},"end":{"line":95,"column":2}},"36":{"start":{"line":149,"column":2},"end":{"line":149,"column":14}},"37":{"start":{"line":97,"column":0},"end":{"line":97,"column":null}},"38":{"start":{"line":99,"column":25},"end":{"line":108,"column":2}},"39":{"start":{"line":102,"column":14},"end":{"line":102,"column":19}},"40":{"start":{"line":102,"column":24},"end":{"line":102,"column":28}},"41":{"start":{"line":102,"column":36},"end":{"line":108,"column":2}},"42":{"start":{"li
[...]
"end":{"line":95,"column":68}},"28":{"start":{"line":96,"column":70},"end":{"line":96,"column":85}},"29":{"start":{"line":99,"column":10},"end":{"line":99,"column":57}},"30":{"start":{"line":100,"column":10},"end":{"line":100,"column":22}},"31":{"start":{"line":107,"column":8},"end":{"line":107,"column":82}},"32":{"start":{"line":107,"column":22},"end":{"line":107,"column":79}},"33":{"start":{"line":110,"column":8},"end":{"line":110,"column":88}},"34":{"start":{"line":110,"column":22},"end":{"line":110,"column":85}},"35":{"start":{"line":113,"column":8},"end":{"line":117,"column":12}},"36":{"start":{"line":113,"column":22},"end":{"line":117,"column":10}},"37":{"start":{"line":115,"column":50},"end":{"line":115,"column":60}},"38":{"start":{"line":120,"column":8},"end":{"line":120,"column":74}},"39":{"start":{"line":120,"column":22},"end":{"line":120,"column":71}},"40":{"start":{"line":120,"column":64},"end":{"line":120,"column":68}},"41":{"start":{"line":123,"column":8},"end":{"line":123,"column":37}},"42":{"start":{"line":126,"column":8},"end":{"line":126,"column":32}},"43":{"start":{"line":129,"column":8},"end":{"line":134,"column":12}},"44":{"start":{"line":129,"column":22},"end":{"line":134,"column":10}},"45":{"start":{"line":137,"column":8},"end":{"line":142,"column":12}},"46":{"start":{"line":137,"column":22},"end":{"line":142,"column":10}}},"fnMap":{"0":{"name":"(anonymous_7)","decl":{"start":{"line":50,"column":4},"end":{"line":50,"column":5}},"loc":{"start":{"line":50,"column":19},"end":{"line":144,"column":6}}},"1":{"name":"(anonymous_8)","decl":{"start":{"line":60,"column":12},"end":{"line":60,"column":23}},"loc":{"start":{"line":60,"column":31},"end":{"line":68,"column":null}}},"2":{"name":"(anonymous_10)","decl":{"start":{"line":69,"column":12},"end":{"line":69,"column":24}},"loc":{"start":{"line":69,"column":31},"end":{"line":77,"column":null}}},"3":{"name":"(anonymous_12)","decl":{"start":{"line":72,"column":14},"end":{"line":72,"column":19}},"loc":{"start":{"line":72,"column":24},"end":{"line":72,"column":66}}},"4":{"name":"(anonymous_13)","decl":{"start":{"line":78,"column":12},"end":{"line":78,"column":24}},"loc":{"start":{"line":78,"column":36},"end":{"line":88,"column":null}}},"5":{"name":"(anonymous_15)","decl":{"start":{"line":81,"column":14},"end":{"line":81,"column":19}},"loc":{"start":{"line":81,"column":24},"end":{"line":83,"column":12}}},"6":{"name":"(anonymous_16)","decl":{"start":{"line":82,"column":39},"end":{"line":82,"column":40}},"loc":{"start":{"line":82,"column":44},"end":{"line":82,"column":75}}},"7":{"name":"(anonymous_17)","decl":{"start":{"line":89,"column":12},"end":{"line":89,"column":24}},"loc":{"start":{"line":89,"column":27},"end":{"line":102,"column":null}}},"8":{"name":"(anonymous_19)","decl":{"start":{"line":94,"column":14},"end":{"line":94,"column":19}},"loc":{"start":{"line":94,"column":24},"end":{"line":97,"column":12}}},"9":{"name":"(anonymous_20)","decl":{"start":{"line":95,"column":42},"end":{"line":95,"column":48}},"loc":{"start":{"line":95,"column":52},"end":{"line":95,"column":68}}},"10":{"name":"(anonymous_21)","decl":{"start":{"line":96,"column":58},"end":{"line":96,"column":66}},"loc":{"start":{"line":96,"column":70},"end":{"line":96,"column":85}}},"11":{"name":"(anonymous_22)","decl":{"start":{"line":103,"column":12},"end":{"line":103,"column":29}},"loc":{"start":{"line":103,"column":42},"end":{"line":105,"column":null}}},"12":{"name":"(anonymous_24)","decl":{"start":{"line":106,"column":6},"end":{"line":106,"column":22}},"loc":{"start":{"line":106,"column":30},"end":{"line":108,"column":7}}},"13":{"name":"(anonymous_25)","decl":{"start":{"line":107,"column":12},"end":{"line":107,"column":17}},"loc":{"start":{"line":107,"column":22},"end":{"line":107,"column":79}}},"14":{"name":"(anonymous_26)","decl":{"start":{"line":109,"column":6},"end":{"line":109,"column":19}},"loc":{"start":{"line":109,"column":24},"end":{"line":111,"column":7}}},"15":{"name":"(anonymous_27)","decl":{"start":{"line":110,"column":12},"end":{"line":110,"column":17}},"loc":{"start":{"line":110,"column":22},"end":{"line":110,"column":85}}},"16":{"name":"(anonymous_28)","decl":{"start":{"line":112,"column":6},"end":{"line":112,"column":18}},"loc":{"start":{"line":112,"column":21},"end":{"line":118,"column":7}}},"17":{"name":"(anonymous_29)","decl":{"start":{"line":113,"column":12},"end":{"line":113,"column":17}},"loc":{"start":{"line":113,"column":22},"end":{"line":117,"column":10}}},"18":{"name":"(anonymous_30)","decl":{"start":{"line":115,"column":43},"end":{"line":115,"column":46}},"loc":{"start":{"line":115,"column":50},"end":{"line":115,"column":60}}},"19":{"name":"(anonymous_31)","decl":{"start":{"line":119,"column":6},"end":{"line":119,"column":22}},"loc":{"start":{"line":119,"column":22},"end":{"line":121,"column":7}}},"20":{"name":"(anonymous_32)","decl":{"start":{"line":120,"column":12},"end":{"line":120,"column":17}},"loc":{"start":{"line":120,"column":22},"end":{"line":120,"column":71}}},"21":{"name":"(anonymous_33)","decl":{"start":{"line":120,"column":59},"end":{"line":120,"column":60}},"loc":{"start":{"line":120,"column":64},"end":{"line":120,"column":68}}},"22":{"name":"(anonymous_34)","decl":{"start":{"line":122,"column":6},"end":{"line":122,"column":20}},"loc":{"start":{"line":122,"column":20},"end":{"line":124,"column":7}}},"23":{"name":"(anonymous_35)","decl":{"start":{"line":125,"column":6},"end":{"line":125,"column":17}},"loc":{"start":{"line":125,"column":22},"end":{"line":127,"column":7}}},"24":{"name":"(anonymous_36)","decl":{"start":{"line":128,"column":6},"end":{"line":128,"column":15}},"loc":{"start":{"line":128,"column":31},"end":{"line":135,"column":7}}},"25":{"name":"(anonymous_37)","decl":{"start":{"line":129,"column":12},"end":{"line":129,"column":17}},"loc":{"start":{"line":129,"column":22},"end":{"line":134,"column":10}}},"26":{"name":"(anonymous_38)","decl":{"start":{"line":136,"column":6},"end":{"line":136,"column":16}},"loc":{"start":{"line":136,"column":22},"end":{"line":143,"column":7}}},"27":{"name":"(anonymous_39)","decl":{"start":{"line":137,"column":12},"end":{"line":137,"column":17}},"loc":{"start":{"line":137,"column":22},"end":{"line":142,"column":10}}}},"branchMap":{"0":{"loc":{"start":{"line":82,"column":44},"end":{"line":82,"column":75}},"type":"cond-expr","locations":[{"start":{"line":82,"column":58},"end":{"line":82,"column":71}},{"start":{"line":82,"column":74},"end":{"line":82,"column":75}}]},"1":{"loc":{"start":{"line":114,"column":27},"end":{"line":116,"column":44}},"type":"cond-expr","locations":[{"start":{"line":115,"column":14},"end":{"line":115,"column":61}},{"start":{"line":116,"column":14},"end":{"line":116,"column":44}}]},"2":{"loc":{"start":{"line":132,"column":39},"end":{"line":132,"column":67}},"type":"cond-expr","locations":[{"start":{"line":132,"column":50},"end":{"line":132,"column":62}},{"start":{"line":132,"column":65},"end":{"line":132,"column":67}}]}},"s":{"0":0,"1":0,"2":0,"3":0,"4":0,"5":0,"6":0,"7":0,"8":0,"9":0,"10":0,"11":0,"12":0,"13":0,"14":0,"15":0,"16":0,"17":0,"18":0,"19":0,"20":0,"21":0,"22":0,"23":0,"24":0,"25":0,"26":0,"27":0,"28":0,"29":0,"30":0,"31":0,"32":0,"33":0,"34":0,"35":0,"36":0,"37":0,"38":0,"39":0,"40":0,"41":0,"42":0,"43":0,"44":0,"45":0,"46":0},"f":{"0":0,"1":0,"2":0,"3":0,"4":0,"5":0,"6":0,"7":0,"8":0,"9":0,"10":0,"11":0,"12":0,"13":0,"14":0,"15":0,"16":0,"17":0,"18":0,"19":0,"20":0,"21":0,"22":0,"23":0,"24":0,"25":0,"26":0,"27":0},"b":{"0":[0,0],"1":[0,0],"2":[0,0]}}
,"C:\\Users\\marti\\OneDrive\\Bureaublad\\CURSOR\\MEDICFLOWDOCUMENTS\\MEDDOC-TEST-WINDSURF\\meddoc-ai-flow\\src\\utils\\ai.ts": {"path":"C:\\Users\\marti\\OneDrive\\Bureaublad\\CURSOR\\MEDICFLOWDOCUMENTS\\MEDDOC-TEST-WINDSURF\\meddoc-ai-flow\\src\\utils\\ai.ts","statementMap":{"0":{"start":{"line":26,"column":43},"end":{"line":32,"column":6}},"1":{"start":{"line":35,"column":4},"end":{"line":35,"column":60}},"2":{"start":{"line":35,"column":33},"end":{"line":35,"column":58}},"3":{"start":{"line":37,"column":4},"end":{"line":37,"column":22}},"4":{"start":{"line":43,"column":22},"end":{"line":43,"column":77}},"5":{"start":{"line":43,"column":57},"end":{"line":43,"column":76}},"6":{"start":{"line":46,"column":4},"end":{"line":46,"column":59}},"7":{"start":{"line":46,"column":33},"end":{"line":46,"column":57}},"8":{"start":{"line":48,"column":4},"end":{"line":48,"column":21}},"9":{"start":{"line":53,"column":27},"end":{"line":53,"column":62}},"10":{"start":{"line":55,"column":36},"end":{"line":60,"column":7}},"11":{"start":{"line":55,"column":58},"end":{"line":60,"column":6}},"12":{"start":{"line":63,"column":4},"end":{"line":63,"column":61}},"13":{"start":{"line":63,"column":34},"end":{"line":63,"column":59}},"14":{"start":{"line":68,"column":4},"end":{"line":70,"column":5}},"15":{"start":{"line":69,"column":6},"end":{"line":69,"column":179}},"16":{"start":{"line":72,"column":4},"end":{"line":74,"column":5}},"17":{"start":{"line":73,"column":6},"end":{"line":73,"column":127}},"18":{"start":{"line":77,"column":4},"end":{"line":81,"column":7}},"19":{"start":{"line":78,"column":21},"end":{"line":78,"column":37}},"20":{"start":{"line":79,"column":6},"end":{"line":79,"column":71}},"21":{"start":{"line":79,"column":29},"end":{"line":79,"column":71}},"22":{"start":{"line":80,"column":6},"end":{"line":80,"column":30}},"23":{"start":{"line":85,"column":30},"end":{"line":85,"column":52}},"24":{"start":{"line":87,"column":4},"end":{"line":89,"column":5}},"25":{"start":{"line":88,"column":6},"end":{"line":88,"column":32}},"26":{"start":{"line":91,"column":4},"end":{"line":93,"column":5}},"27":{"start":{"line":92,"column":6},"end":{"line":92,"column":26}},"28":{"start":{"line":95,"column":4},"end":{"line":97,"column":5}},"29":{"start":{"line":96,"column":6},"end":{"line":96,"column":28}},"30":{"start":{"line":99,"column":4},"end":{"line":101,"column":5}},"31":{"start":{"line":100,"column":6},"end":{"line":100,"column":30}},"32":{"start":{"line":103,"column":4},"end":{"line":105,"column":5}},"33":{"start":{"line":104,"column":6},"end":{"line":104,"column":29}},"34":{"start":{"line":107,"column":4},"end":{"line":107,"column":30}},"35":{"start":{"line":112,"column":30},"end":{"line":112,"column":32}},"36":{"start":{"line":115,"column":25},"end":{"line":118,"column":6}},"37":{"start":{"line":120,"column":4},"end":{"line":129,"column":7}},"38":{"start":{"line":121,"column":22},"end":{"line":121,"column":44}},"39":{"start":{"line":122,"column":6},"end":{"line":128,"column":7}},"40":{"start":{"line":124,"column":21},"end":{"line":124,"column":39}},"41":{"start":{"line":125,"column":8},"end":{"line":127,"column":9}},"42":{"start":{"line":126,"column":10},"end":{"line":126,"column":31}},"43":{"start":{"line":131,"column":4},"end":{"line":131,"column":21}},"44":{"start":{"line":21,"column":0},"end":{"line":21,"column":13}},"45":{"start":{"line":22,"column":17},"end":{"line":22,"column":53}},"46":{"start":{"line":137,"column":4},"end":{"line":157,"column":null}},"47":{"start":{"line":143,"column":4},"end":{"line":143,"column":78}},"48":{"start":{"line":146,"column":4},"end":{"line":148,"column":5}},"49":{"start":{"line":147,"column":6},"end":{"line":147,"column":39}},"50":{"start":{"line":150,"column":4},"end":{"line":152,"column":5}},"51":{"start":{"line":151,"column":6},"end":{"line":151,"column":43}},"52":{"start":{"line":154,"column":4},"end":{"line":156,"column":5}},"53":{"start":{"line":155,"column":6},"end":{"line":155,"column":34}},"54":{"start":{"line":161,"column":4},"end":{"line":161,"column":48}},"55":{"start":{"line":166,"column":4},"end":{"line":166,"column":76}},"56":{"start":{"line":171,"column":4},"end":{"line":171,"column":45}},"57":{"start":{"line":135,"column":0},"end":{"line":135,"column":13}}},"fnMap":{"0":{"name":"(anonymous_7)","decl":{"start":{"line":24,"column":2},"end":{"line":24,"column":8}},"loc":{"start":{"line":24,"column":41},"end":{"line":38,"column":null}}},"1":{"name":"(anonymous_9)","decl":{"start":{"line":35,"column":22},"end":{"line":35,"column":29}},"loc":{"start":{"line":35,"column":33},"end":{"line":35,"column":58}}},"2":{"name":"(anonymous_10)","decl":{"start":{"line":40,"column":2},"end":{"line":40,"column":8}},"loc":{"start":{"line":40,"column":45},"end":{"line":49,"column":null}}},"3":{"name":"(anonymous_12)","decl":{"start":{"line":43,"column":51},"end":{"line":43,"column":54}},"loc":{"start":{"line":43,"column":57},"end":{"line":43,"column":76}}},"4":{"name":"(anonymous_13)","decl":{"start":{"line":46,"column":22},"end":{"line":46,"column":29}},"loc":{"start":{"line":46,"column":33},"end":{"line":46,"column":57}}},"5":{"name":"(anonymous_14)","decl":{"start":{"line":51,"column":2},"end":{"line":51,"column":8}},"loc":{"start":{"line":51,"column":66},"end":{"line":64,"column":null}}},"6":{"name":"(anonymous_16)","decl":{"start":{"line":55,"column":50},"end":{"line":55,"column":53}},"loc":{"start":{"line":55,"column":58},"end":{"line":60,"column":6}}},"7":{"name":"(anonymous_17)","decl":{"start":{"line":63,"column":24},"end":{"line":63,"column":25}},"loc":{"start":{"line":63,"column":34},"end":{"line":63,"column":59}}},"8":{"name":"(anonymous_18)","decl":{"start":{"line":66,"column":2},"end":{"line":66,"column":8}},"loc":{"start":{"line":66,"column":37},"end":{"line":82,"column":null}}},"9":{"name":"(anonymous_20)","decl":{"start":{"line":77,"column":23},"end":{"line":77,"column":24}},"loc":{"start":{"line":77,"column":35},"end":{"line":81,"column":5}}},"10":{"name":"(anonymous_21)","decl":{"start":{"line":79,"column":22},"end":{"line":79,"column":23}},"loc":{"start":{"line":79,"column":28},"end":{"line":79,"column":71}}},"11":{"name":"(anonymous_22)","decl":{"start":{"line":84,"column":2},"end":{"line":84,"column":8}},"loc":{"start":{"line":84,"column":62},"end":{"line":108,"column":3}}},"12":{"name":"(anonymous_23)","decl":{"start":{"line":110,"column":2},"end":{"line":110,"column":8}},"loc":{"start":{"line":110,"column":43},"end":{"line":132,"column":null}}},"13":{"name":"(anonymous_25)","decl":{"start":{"line":120,"column":25},"end":{"line":120,"column":32}},"loc":{"start":{"line":120,"column":35},"end":{"line":129,"column":5}}},"14":{"name":"(anonymous_26)","decl":{"start":{"line":136,"column":2},"end":{"line":136,"column":8}},"loc":{"start":{"line":136,"column":31},"end":{"line":157,"column":null}}},"15":{"name":"(anonymous_27)","decl":{"start":{"line":137,"column":4},"end":{"line":137,"column":16}},"loc":{"start":{"line":140,"column":35},"end":{"line":157,"column":3}}},"16":{"name":"(anonymous_28)","decl":{"start":{"line":159,"column":10},"end":{"line":159,"column":16}},"loc":{"start":{"line":159,"column":51},"end":{"line":162,"column":null}}},"17":{"name":"(anonymous_30)","decl":{"start":{"line":164,"column":10},"end":{"line":164,"column":16}},"loc":{"start":{"line":164,"column":62},"end":{"line":167,"column":null}}},"18":{"name":"(anonymous_32)","decl":{"start":{"line":169,"column":10},"end":{"line":169,"column":16}},"loc":{"start":{"line":169,"column":46},"end":{"line":172,"column":null}}}},"branchMap":{"0":{"loc":{"start":{"line":68,"column":4},"end":{"line":70,"column":5}},"type":"if","locations":[{"start":{"line":68,"column":4},"end":{"line":70,"column":5}},{"start":{},"end":{}}]},"1":{"loc":{"start":{"line":72,"column":4},"end":{"line":74,"column":5}},"type":"if","locations":[{"start":{"line":72,"column":4},"end":{"line":74,"column":5}},{"start":{},"end":{}}]},"2":{"loc":{"start":{"line":79,"column":37},"end":{"line":79,"column":69}},"type":"binary-expr","locations":[{"start":{"line":79,"column":37},"end":{"line":79,"column":63}},{"start":{"line":79,"column":67},"end":{"line":79,"column":69}}]},"3":{"loc":{"start":{"line":79,"column":37},"end":{"line":79,"column":63}},"type":"cond-expr","locations":[{"start":{"line":79,"column":45},"end":{"line":79,"column":47}},{"start":{"line":79,"column":45},"end":{"line":79,"column":63}}]},"4":{"loc":{"start":{"line":79,"column":37},"end":{"line":79,"column":47}},"type":"binary-expr","locations":[{"start":{"line":79,"column":37},"end":{"line":79,"column":47}},{"start":{"line":79,"column":45},"end":{"line":79,"column":47}}]},"5":{"loc":{"start":{"line":87,"column":4},"end":{"line":89,"column":5}},"type":"if","locations":[{"start":{"line":87,"column":4},"end":{"line":89,"column":5}},{"start":{},"end":{}}]},"6":{"loc":{"start":{"line":87,"column":8},"end":{"line":87,"column":92}},"type":"binary-expr","locations":[{"start":{"line":87,"column":8},"end":{"line":87,"column":49}},{"start":{"line":87,"column":53},"end":{"line":87,"column":92}}]},"7":{"loc":{"start":{"line":91,"column":4},"end":{"line":93,"column":5}},"type":"if","locations":[{"start":{"line":91,"column":4},"end":{"line":93,"column":5}},{"start":{},"end":{}}]},"8":{"loc":{"start":{"line":91,"column":8},"end":{"line":91,"column":82}},"type":"binary-expr","locations":[{"start":{"line":91,"column":8},"end":{"line":91,"column":41}},{"start":{"line":91,"column":45},"end":{"line":91,"column":82}}]},"9":{"loc":{"start":{"line":95,"column":4},"end":{"line":97,"column":5}},"type":"if","locations":[{"start":{"line":95,"column":4},"end":{"line":97,"column":5}},{"start":{},"end":{}}]},"10":{"loc":{"start":{"line":95,"column":8},"end":{"line":95,"column":86}},"type":"binary-expr","locations":[{"start":{"line":95,"column":8},"end":{"line":95,"column":44}},{"start":{"line":95,"column":48},"end":{"line":95,"column":86}}]},"11":{"loc":{"start":{"line":99,"column":4},"end":{"line":101,"column":5}},"type":"if","locations":[{"start":{"line":99,"column":4},"end":{"line":101,"column":5}},{"start":{},"end":{}}]},"12":{"loc":{"start":{"line":99,"column":8},"end":{"line":99,"column":86}},"type":"binary-expr","locations":[{"start":{"line":99,"column":8},"end":{"line":99,"column":45}},{"start":{"line":99,"column":49},"end":{"line":99,"column":86}}]},"13":{"loc":{"start":{"line":103,"column":4},"end":{"line":105,"column":5}},"type":"if","locations":[{"start":{"line":103,"column":4},"end":{"line":105,"column":5}},{"start":{},"end":{}}]},"14":{"loc":{"start":{"line":125,"column":8},"end":{"line":127,"column":9}},"type":"if","locations":[{"start":{"line":125,"column":8},"end":{"line":127,"column":9}},{"start":{},"end":{}}]},"15":{"loc":{"start":{"line":125,"column":12},"end":{"line":125,"column":55}},"type":"binary-expr","locations":[{"start":{"line":125,"column":12},"end":{"line":125,"column":34}},{"start":{"line":125,"column":38},"end":{"line":125,"column":55}}]},"16":{"loc":{"start":{"line":140,"column":4},"end":{"line":140,"column":35}},"type":"default-arg","locations":[{"start":{"line":140,"column":25},"end":{"line":140,"column":35}}]},"17":{"loc":{"start":{"line":146,"column":4},"end":{"line":148,"column":5}},"type":"if","locations":[{"start":{"line":146,"column":4},"end":{"line":148,"column":5}},{"start":{},"end":{}}]},"18":{"loc":{"start":{"line":150,"column":4},"end":{"line":152,"column":5}},"type":"if","locations":[{"start":{"line":150,"column":4},"end":{"line":152,"column":5}},{"start":{},"end":{}}]},"19":{"loc":{"start":{"line":154,"column":4},"end":{"line":156,"column":5}},"type":"if","locations":[{"start":{"line":154,"column":4},"end":{"line":156,"column":5}},{"start":{},"end":{}}]}},"s":{"0":0,"1":0,"2":0,"3":0,"4":0,"5":0,"6":0,"7":0,"8":0,"9":0,"10":0,"11":0,"12":0,"13":0,"14":0,"15":0,"16":0,"17":0,"18":0,"19":0,"20":0,"21":0,"22":0,"23":0,"24":0,"25":0,"26":0,"27":0,"28":0,"29":0,"30":0,"31":0,"32":0,"33":0,"34":0,"35":0,"36":0,"37":0,"38":0,"39":0,"40":0,"41":0,"42":0,"43":0,"44":0,"45":0,"46":0,"47":0,"48":0,"49":0,"50":0,"51":0,"52":0,"53":0,"54":0,"55":0,"56":0,"57":0},"f":{"0":0,"1":0,"2":0,"3":0,"4":0,"5":0,"6":0,"7":0,"8":0,"9":0,"10":0,"11":0,"12":0,"13":0,"14":0,"15":0,"16":0,"17":0,"18":0},"b":{"0":[0,0],"1":[0,0],"2":[0,0],"3":[0,0],"4":[0,0],"5":[0,0],"6":[0,0],"7":[0,0],"8":[0,0],"9":[0,0],"10":[0,0],"11":[0,0],"12":[0,0],"13":[0,0],"14":[0,0],"15":[0,0],"16":[0],"17":[0,0],"18":[0,0],"19":[0,0]}}
}
